2014-09-09 09:38:10,782  INFO [New I/O worker #12] (ClientHandler.java:66) - c23af891881848979694c4b65674f038:quere:0
2014-09-09 09:38:10,782  INFO [New I/O worker #12] (ClientHandler.java:68) - c23af891881848979694c4b65674f038:quere:1
2014-09-09 09:38:10,777  INFO [New I/O worker #11] (ClientHandler.java:62) - 收到结果:com.sunsharing.sfs.common.pro.dataserver.FilePakageUpdateIndexResult@36d1e85f:cb8948e593c347258561e55de58c0fd3
2014-09-09 09:38:10,782  INFO [New I/O worker #11] (ClientHandler.java:66) - cb8948e593c347258561e55de58c0fd3:quere:0
2014-09-09 09:38:10,782  INFO [pool-11-thread-523] (NettyClient.java:126) - 返回结果:com.sunsharing.sfs.common.pro.dataserver.FilePakageUpdateIndexResult@32be529
2014-09-09 09:38:10,783  INFO [pool-11-thread-524] (NettyClient.java:126) - 返回结果:com.sunsharing.sfs.common.pro.dataserver.FilePakageUpdateIndexResult@36d1e85f
2014-09-09 09:38:10,783  INFO [New I/O worker #11] (ClientHandler.java:68) - cb8948e593c347258561e55de58c0fd3:quere:1
2014-09-09 09:38:10,783  INFO [pool-3-thread-692] (NettyClient.java:117) - com.sunsharing.sfs.common.pro.dataserver.FileSuccessUploadIndex@60e144a9:请求:7cfaa6aaeca049198c72b9e6a7b56654timeout:5000
2014-09-09 09:38:10,784  INFO [New I/O worker #13] (ClientHandler.java:62) - 收到结果:com.sunsharing.sfs.common.pro.dataserver.FileSuccessUploadIndexResult@3717b7a3:7cfaa6aaeca049198c72b9e6a7b56654
2014-09-09 09:38:10,784  INFO [New I/O worker #13] (ClientHandler.java:66) - 7cfaa6aaeca049198c72b9e6a7b56654:quere:0
2014-09-09 09:38:10,784  INFO [New I/O worker #13] (ClientHandler.java:68) - 7cfaa6aaeca049198c72b9e6a7b56654:quere:1
2014-09-09 09:38:10,784  INFO [pool-3-thread-692] (NettyClient.java:126) - 返回结果:com.sunsharing.sfs.common.pro.dataserver.FileSuccessUploadIndexResult@3717b7a3
2014-09-09 09:38:10,785  INFO [New I/O worker #3] (ServerHandler.java:75) - channelDisconnected
2014-09-09 09:38:10,785  INFO [New I/O worker #3] (ServerHandler.java:67) - channelClosed
2014-09-09 09:38:10,785  INFO [New I/O worker #3] (ServerCache.java:85) - 删除后通道数:3
2014-09-09 09:38:40,798  INFO [New I/O server boss #9] (ServerHandler.java:81) - channelOpen
2014-09-09 09:38:40,799  INFO [New I/O server boss #9] (ServerCache.java:48) - 添加后通道数:4
2014-09-09 09:38:40,799  INFO [New I/O worker #4] (ServerHandler.java:61) - channelConnected
2014-09-09 09:38:40,799  INFO [New I/O server boss #9] (ServerHandler.java:81) - channelOpen
2014-09-09 09:38:40,799  INFO [New I/O server boss #9] (ServerCache.java:48) - 添加后通道数:5
2014-09-09 09:38:40,799  INFO [New I/O worker #5] (ServerHandler.java:61) - channelConnected
2014-09-09 09:38:40,799  INFO [New I/O server boss #9] (ServerHandler.java:81) - channelOpen
2014-09-09 09:38:40,800  INFO [New I/O server boss #9] (ServerCache.java:48) - 添加后通道数:6
2014-09-09 09:38:40,800  INFO [New I/O worker #6] (ServerHandler.java:61) - channelConnected
2014-09-09 09:38:40,801  INFO [New I/O server boss #9] (ServerHandler.java:81) - channelOpen
2014-09-09 09:38:40,801  INFO [New I/O server boss #9] (ServerCache.java:48) - 添加后通道数:7
2014-09-09 09:38:40,801 ERROR [New I/O worker #4] (JsonBodyProtocol.java:188) - com.sunsharing.sfs.common.pro.api.FilePakageSave:setCurrentDataServer:java.lang.Integer:0
2014-09-09 09:38:40,801 ERROR [New I/O worker #5] (JsonBodyProtocol.java:188) - com.sunsharing.sfs.common.pro.api.FilePakageSave:setCurrentDataServer:java.lang.Integer:0
2014-09-09 09:38:40,801  INFO [New I/O worker #4] (FileChunckDecode.java:44) - 收到：3zzDJjLpnzzrXfhrP,包：1
2014-09-09 09:38:40,801  INFO [New I/O worker #7] (ServerHandler.java:61) - channelConnected
2014-09-09 09:38:40,801  INFO [New I/O worker #5] (FileChunckDecode.java:44) - 收到：3zzDJjLpnzzrXfhrP,包：4
2014-09-09 09:38:40,801  INFO [New I/O worker #4] (FileChunckDecode.java:116) - 成功写入block,blockId:1:大小:590
2014-09-09 09:38:40,802  INFO [New I/O worker #5] (FileChunckDecode.java:116) - 成功写入block,blockId:1:大小:592
2014-09-09 09:38:40,802  INFO [New I/O worker #4] (FileMd5.java:85) - 1:po:29:len:590
2014-09-09 09:38:40,802 ERROR [New I/O worker #6] (JsonBodyProtocol.java:188) - com.sunsharing.sfs.common.pro.api.FilePakageSave:setCurrentDataServer:java.lang.Integer:0
2014-09-09 09:38:40,802  INFO [New I/O worker #4] (FileChunckDecode.java:130) - 包序号:1,源Md5:e22cea512cf78ba7c6ccd7cc227c67bd,目的Md5:e22cea512cf78ba7c6ccd7cc227c67bd:currentWriteLen:29:currentChunkSize590:fromeIndex:0
2014-09-09 09:38:40,802  INFO [New I/O worker #5] (FileMd5.java:85) - 1:po:1799:len:592
2014-09-09 09:38:40,802 ERROR [New I/O worker #7] (JsonBodyProtocol.java:188) - com.sunsharing.sfs.common.pro.api.FilePakageSave:setCurrentDataServer:java.lang.Integer:0
2014-09-09 09:38:40,802  INFO [New I/O worker #5] (FileChunckDecode.java:130) - 包序号:4,源Md5:4cbe474cb9004e91e815a5bb27c4d0c9,目的Md5:4cbe474cb9004e91e815a5bb27c4d0c9:currentWriteLen:29:currentChunkSize592:fromeIndex:1770
2014-09-09 09:38:40,802  INFO [New I/O worker #6] (FileChunckDecode.java:44) - 收到：3zzDJjLpnzzrXfhrP,包：3
2014-09-09 09:38:40,803 ERROR [pool-3-thread-692] (JsonBodyProtocol.java:188) - com.sunsharing.sfs.common.pro.api.FilePakageSave:setCurrentDataServer:java.lang.Integer:0
2014-09-09 09:38:40,803  INFO [New I/O worker #6] (FileChunckDecode.java:116) - 成功写入block,blockId:1:大小:590
2014-09-09 09:38:40,803  INFO [New I/O worker #7] (FileChunckDecode.java:44) - 收到：3zzDJjLpnzzrXfhrP,包：2
2014-09-09 09:38:40,803  INFO [New I/O worker #6] (FileMd5.java:85) - 1:po:1209:len:590
2014-09-09 09:38:40,803 ERROR [pool-3-thread-693] (JsonBodyProtocol.java:188) - com.sunsharing.sfs.common.pro.api.FilePakageSave:setCurrentDataServer:java.lang.Integer:0
2014-09-09 09:38:40,803  INFO [New I/O worker #6] (FileChunckDecode.java:130) - 包序号:3,源Md5:6b0b87c4cfd2dd9c3ed692742028e2f5,目的Md5:6b0b87c4cfd2dd9c3ed692742028e2f5:currentWriteLen:29:currentChunkSize590:fromeIndex:1180
2014-09-09 09:38:40,803  INFO [New I/O worker #7] (FileChunckDecode.java:116) - 成功写入block,blockId:1:大小:590
2014-09-09 09:38:40,804  INFO [New I/O worker #7] (FileMd5.java:85) - 1:po:619:len:590
2014-09-09 09:38:40,804 ERROR [pool-3-thread-691] (JsonBodyProtocol.java:188) - com.sunsharing.sfs.common.pro.api.FilePakageSave:setCurrentDataServer:java.lang.Integer:0
2014-09-09 09:38:40,804  INFO [New I/O worker #7] (FileChunckDecode.java:130) - 包序号:2,源Md5:42ea1cf741e8a82e03e5f8848816682a,目的Md5:42ea1cf741e8a82e03e5f8848816682a:currentWriteLen:29:currentChunkSize590:fromeIndex:590
2014-09-09 09:38:40,805 ERROR [pool-3-thread-690] (JsonBodyProtocol.java:188) - com.sunsharing.sfs.common.pro.api.FilePakageSave:setCurrentDataServer:java.lang.Integer:0
2014-09-09 09:38:40,808  INFO [New I/O worker #15] (ClientHandler.java:62) - 收到结果:com.sunsharing.sfs.common.pro.api.FilePackageResult@233475b9:f9d1dab9d7e14c73859f6fbf6b1a47c7
2014-09-09 09:38:40,808  INFO [New I/O worker #15] (ClientHandler.java:66) - f9d1dab9d7e14c73859f6fbf6b1a47c7:quere:0
2014-09-09 09:38:40,809  INFO [New I/O worker #15] (ClientHandler.java:68) - f9d1dab9d7e14c73859f6fbf6b1a47c7:quere:1
2014-09-09 09:38:40,809  INFO [New I/O worker #15] (ClientHandler.java:77) - 疑似短连接，关闭
2014-09-09 09:38:40,809  INFO [pool-10-thread-2] (FileTransClient.java:54) - 返回结果:com.sunsharing.sfs.common.pro.api.FilePackageResult@233475b9
2014-09-09 09:38:40,809  INFO [pool-10-thread-2] (FileTransClient.java:67) - 关闭Channel
2014-09-09 09:38:40,809  INFO [New I/O worker #14] (ClientHandler.java:62) - 收到结果:com.sunsharing.sfs.common.pro.api.FilePackageResult@491cd6bd:276cc1bcfde64921a4f959dee93cb08f
2014-09-09 09:38:40,809  INFO [New I/O worker #14] (ClientHandler.java:66) - 276cc1bcfde64921a4f959dee93cb08f:quere:0
2014-09-09 09:38:40,809  INFO [New I/O worker #14] (ClientHandler.java:68) - 276cc1bcfde64921a4f959dee93cb08f:quere:1
2014-09-09 09:38:40,810  INFO [New I/O worker #14] (ClientHandler.java:77) - 疑似短连接，关闭
2014-09-09 09:38:40,810  INFO [New I/O worker #5] (ServerHandler.java:75) - channelDisconnected
2014-09-09 09:38:40,810  INFO [New I/O worker #5] (ServerHandler.java:67) - channelClosed
2014-09-09 09:38:40,810  INFO [pool-10-thread-5] (FileTransClient.java:54) - 返回结果:com.sunsharing.sfs.common.pro.api.FilePackageResult@491cd6bd
2014-09-09 09:38:40,810  INFO [New I/O worker #5] (ServerCache.java:85) - 删除后通道数:6
2014-09-09 09:38:40,810  INFO [New I/O worker #16] (ClientHandler.java:62) - 收到结果:com.sunsharing.sfs.common.pro.api.FilePackageResult@72128d38:42183cc3bfe54d35bdb90eee110f0840
2014-09-09 09:38:40,810  INFO [New I/O worker #16] (ClientHandler.java:66) - 42183cc3bfe54d35bdb90eee110f0840:quere:0
2014-09-09 09:38:40,810  INFO [pool-10-thread-5] (FileTransClient.java:67) - 关闭Channel
2014-09-09 09:38:40,811  INFO [pool-10-thread-3] (FileTransClient.java:54) - 返回结果:com.sunsharing.sfs.common.pro.api.FilePackageResult@72128d38
2014-09-09 09:38:40,811  INFO [pool-10-thread-3] (FileTransClient.java:67) - 关闭Channel
2014-09-09 09:38:40,810  INFO [New I/O worker #16] (ClientHandler.java:68) - 42183cc3bfe54d35bdb90eee110f0840:quere:1
2014-09-09 09:38:40,811  INFO [New I/O worker #16] (ClientHandler.java:77) - 疑似短连接，关闭
2014-09-09 09:38:40,811  INFO [New I/O worker #17] (ClientHandler.java:62) - 收到结果:com.sunsharing.sfs.common.pro.api.FilePackageResult@71d4eef2:2f71acd6c9244666832e8e85b194b961
2014-09-09 09:38:40,812  INFO [New I/O worker #4] (ServerHandler.java:75) - channelDisconnected
2014-09-09 09:38:40,812  INFO [New I/O worker #4] (ServerHandler.java:67) - channelClosed
2014-09-09 09:38:40,812  INFO [New I/O worker #6] (ServerHandler.java:75) - channelDisconnected
2014-09-09 09:38:40,812  INFO [New I/O worker #17] (ClientHandler.java:66) - 2f71acd6c9244666832e8e85b194b961:quere:0
2014-09-09 09:38:40,812  INFO [New I/O worker #6] (ServerHandler.java:67) - channelClosed
2014-09-09 09:38:40,812  INFO [New I/O worker #4] (ServerCache.java:85) - 删除后通道数:5
2014-09-09 09:38:40,812  INFO [New I/O worker #6] (ServerCache.java:85) - 删除后通道数:4
2014-09-09 09:38:40,812  INFO [pool-10-thread-4] (FileTransClient.java:54) - 返回结果:com.sunsharing.sfs.common.pro.api.FilePackageResult@71d4eef2
2014-09-09 09:38:40,812  INFO [New I/O worker #17] (ClientHandler.java:68) - 2f71acd6c9244666832e8e85b194b961:quere:1
2014-09-09 09:38:40,813  INFO [New I/O worker #17] (ClientHandler.java:77) - 疑似短连接，关闭
2014-09-09 09:38:40,813  INFO [pool-10-thread-4] (FileTransClient.java:67) - 关闭Channel
2014-09-09 09:38:40,813  INFO [pool-11-thread-523] (FilePackageUpdateIndexThread.java:44) - 往IP：localhost::1401发送更新索引:de0a9be8413441ff9f4d3692a59226da
2014-09-09 09:38:40,813  INFO [pool-11-thread-524] (FilePackageUpdateIndexThread.java:44) - 往IP：localhost::1400发送更新索引:9c7d6b8aafde445d80651cf728046601
2014-09-09 09:38:40,814  INFO [pool-11-thread-523] (NettyClient.java:117) - com.sunsharing.sfs.common.pro.dataserver.FilePakageUpdateIndex@730a2e7c:请求:de0a9be8413441ff9f4d3692a59226datimeout:5000
2014-09-09 09:38:40,814  INFO [pool-11-thread-524] (NettyClient.java:117) - com.sunsharing.sfs.common.pro.dataserver.FilePakageUpdateIndex@217209e5:请求:9c7d6b8aafde445d80651cf728046601timeout:5000
2014-09-09 09:38:40,815  INFO [New I/O worker #12] (ClientHandler.java:62) - 收到结果:com.sunsharing.sfs.common.pro.dataserver.FilePakageUpdateIndexResult@100c557e:de0a9be8413441ff9f4d3692a59226da
2014-09-09 09:38:40,815  INFO [New I/O worker #11] (ClientHandler.java:62) - 收到结果:com.sunsharing.sfs.common.pro.dataserver.FilePakageUpdateIndexResult@19c0cb6d:9c7d6b8aafde445d80651cf728046601
2014-09-09 09:38:40,815  INFO [New I/O worker #11] (ClientHandler.java:66) - 9c7d6b8aafde445d80651cf728046601:quere:0
2014-09-09 09:38:40,815  INFO [New I/O worker #12] (ClientHandler.java:66) - de0a9be8413441ff9f4d3692a59226da:quere:0
2014-09-09 09:38:40,815  INFO [pool-11-thread-524] (NettyClient.java:126) - 返回结果:com.sunsharing.sfs.common.pro.dataserver.FilePakageUpdateIndexResult@19c0cb6d
2014-09-09 09:38:40,815  INFO [New I/O worker #11] (ClientHandler.java:68) - 9c7d6b8aafde445d80651cf728046601:quere:1
2014-09-09 09:38:40,815  INFO [pool-11-thread-523] (NettyClient.java:126) - 返回结果:com.sunsharing.sfs.common.pro.dataserver.FilePakageUpdateIndexResult@100c557e
2014-09-09 09:38:40,815  INFO [New I/O worker #12] (ClientHandler.java:68) - de0a9be8413441ff9f4d3692a59226da:quere:1
2014-09-09 09:38:40,816  INFO [pool-3-thread-690] (NettyClient.java:117) - com.sunsharing.sfs.common.pro.dataserver.FileSuccessUploadIndex@406b6e50:请求:786ec6997bc342b2bc6b70a30cd4c03dtimeout:5000
2014-09-09 09:38:40,817  INFO [New I/O worker #13] (ClientHandler.java:62) - 收到结果:com.sunsharing.sfs.common.pro.dataserver.FileSuccessUploadIndexResult@550b4521:786ec6997bc342b2bc6b70a30cd4c03d
2014-09-09 09:38:40,817  INFO [New I/O worker #13] (ClientHandler.java:66) - 786ec6997bc342b2bc6b70a30cd4c03d:quere:0
2014-09-09 09:38:40,817  INFO [New I/O worker #13] (ClientHandler.java:68) - 786ec6997bc342b2bc6b70a30cd4c03d:quere:1
2014-09-09 09:38:40,817  INFO [pool-3-thread-690] (NettyClient.java:126) - 返回结果:com.sunsharing.sfs.common.pro.dataserver.FileSuccessUploadIndexResult@550b4521
2014-09-09 09:38:40,818  INFO [New I/O worker #7] (ServerHandler.java:75) - channelDisconnected
2014-09-09 09:38:40,818  INFO [New I/O worker #7] (ServerHandler.java:67) - channelClosed
2014-09-09 09:38:40,818  INFO [New I/O worker #7] (ServerCache.java:85) - 删除后通道数:3
2014-09-09 09:39:10,840  INFO [New I/O server boss #9] (ServerHandler.java:81) - channelOpen
2014-09-09 09:39:10,855  INFO [New I/O server boss #9] (ServerCache.java:48) - 添加后通道数:4
2014-09-09 09:39:10,855  INFO [New I/O worker #8] (ServerHandler.java:61) - channelConnected
2014-09-09 09:39:10,855  INFO [New I/O server boss #9] (ServerHandler.java:81) - channelOpen
2014-09-09 09:39:10,855  INFO [New I/O server boss #9] (ServerCache.java:48) - 添加后通道数:5
2014-09-09 09:39:10,856  INFO [New I/O server boss #9] (ServerHandler.java:81) - channelOpen
2014-09-09 09:39:10,856  INFO [New I/O server boss #9] (ServerCache.java:48) - 添加后通道数:6
2014-09-09 09:39:10,856 ERROR [New I/O worker #8] (JsonBodyProtocol.java:188) - com.sunsharing.sfs.common.pro.api.FilePakageSave:setCurrentDataServer:java.lang.Integer:0
2014-09-09 09:39:10,856  INFO [New I/O server boss #9] (ServerHandler.java:81) - channelOpen
2014-09-09 09:39:10,856  INFO [New I/O server boss #9] (ServerCache.java:48) - 添加后通道数:7
2014-09-09 09:39:10,856  INFO [New I/O worker #1] (ServerHandler.java:61) - channelConnected
2014-09-09 09:39:10,857  INFO [New I/O worker #3] (ServerHandler.java:61) - channelConnected
2014-09-09 09:39:10,856  INFO [New I/O worker #2] (ServerHandler.java:61) - channelConnected
2014-09-09 09:39:10,856  INFO [New I/O worker #8] (FileChunckDecode.java:44) - 收到：3zzDJjLpnzzrXfhrP,包：2
2014-09-09 09:39:10,857 ERROR [New I/O worker #1] (JsonBodyProtocol.java:188) - com.sunsharing.sfs.common.pro.api.FilePakageSave:setCurrentDataServer:java.lang.Integer:0
2014-09-09 09:39:10,857  INFO [New I/O worker #8] (FileChunckDecode.java:116) - 成功写入block,blockId:1:大小:590
2014-09-09 09:39:10,858  INFO [New I/O worker #8] (FileMd5.java:85) - 1:po:619:len:590
2014-09-09 09:39:10,858 ERROR [New I/O worker #3] (JsonBodyProtocol.java:188) - com.sunsharing.sfs.common.pro.api.FilePakageSave:setCurrentDataServer:java.lang.Integer:0
2014-09-09 09:39:10,858  INFO [New I/O worker #1] (FileChunckDecode.java:44) - 收到：3zzDJjLpnzzrXfhrP,包：4
2014-09-09 09:39:10,858 ERROR [New I/O worker #2] (JsonBodyProtocol.java:188) - com.sunsharing.sfs.common.pro.api.FilePakageSave:setCurrentDataServer:java.lang.Integer:0
2014-09-09 09:39:10,858  INFO [New I/O worker #3] (FileChunckDecode.java:44) - 收到：3zzDJjLpnzzrXfhrP,包：3
2014-09-09 09:39:10,858  INFO [New I/O worker #2] (FileChunckDecode.java:44) - 收到：3zzDJjLpnzzrXfhrP,包：1
2014-09-09 09:39:10,858  INFO [New I/O worker #8] (FileChunckDecode.java:130) - 包序号:2,源Md5:42ea1cf741e8a82e03e5f8848816682a,目的Md5:42ea1cf741e8a82e03e5f8848816682a:currentWriteLen:29:currentChunkSize590:fromeIndex:590
2014-09-09 09:39:10,858  INFO [New I/O worker #2] (FileChunckDecode.java:116) - 成功写入block,blockId:1:大小:590
2014-09-09 09:39:10,858  INFO [New I/O worker #3] (FileChunckDecode.java:116) - 成功写入block,blockId:1:大小:590
2014-09-09 09:39:10,858  INFO [New I/O worker #1] (FileChunckDecode.java:116) - 成功写入block,blockId:1:大小:592
2014-09-09 09:39:10,859  INFO [New I/O worker #2] (FileMd5.java:85) - 1:po:29:len:590
2014-09-09 09:39:10,859  INFO [New I/O worker #8] (ServerHandler.java:75) - channelDisconnected
2014-09-09 09:39:10,859  INFO [New I/O worker #1] (FileMd5.java:85) - 1:po:1799:len:592
2014-09-09 09:39:10,859  INFO [New I/O worker #2] (FileChunckDecode.java:130) - 包序号:1,源Md5:e22cea512cf78ba7c6ccd7cc227c67bd,目的Md5:e22cea512cf78ba7c6ccd7cc227c67bd:currentWriteLen:29:currentChunkSize590:fromeIndex:0
2014-09-09 09:39:10,860  INFO [New I/O worker #3] (FileMd5.java:85) - 1:po:1209:len:590
2014-09-09 09:39:10,860  INFO [New I/O worker #1] (FileChunckDecode.java:130) - 包序号:4,源Md5:4cbe474cb9004e91e815a5bb27c4d0c9,目的Md5:4cbe474cb9004e91e815a5bb27c4d0c9:currentWriteLen:29:currentChunkSize592:fromeIndex:1770
2014-09-09 09:39:10,859  INFO [New I/O worker #8] (ServerHandler.java:67) - channelClosed
2014-09-09 09:39:10,860  INFO [New I/O worker #2] (ServerHandler.java:75) - channelDisconnected
2014-09-09 09:39:10,860  INFO [New I/O worker #3] (FileChunckDecode.java:130) - 包序号:3,源Md5:6b0b87c4cfd2dd9c3ed692742028e2f5,目的Md5:6b0b87c4cfd2dd9c3ed692742028e2f5:currentWriteLen:29:currentChunkSize590:fromeIndex:1180
2014-09-09 09:39:10,860  INFO [New I/O worker #1] (ServerHandler.java:75) - channelDisconnected
2014-09-09 09:39:10,860  INFO [New I/O worker #1] (ServerHandler.java:67) - channelClosed
2014-09-09 09:39:10,861  INFO [New I/O worker #1] (ServerCache.java:85) - 删除后通道数:5
2014-09-09 09:39:10,860  INFO [New I/O worker #2] (ServerHandler.java:67) - channelClosed
2014-09-09 09:39:10,860  INFO [New I/O worker #8] (ServerCache.java:85) - 删除后通道数:6
2014-09-09 09:39:10,861  INFO [New I/O worker #2] (ServerCache.java:85) - 删除后通道数:4
2014-09-09 09:39:10,861  INFO [New I/O worker #3] (ServerHandler.java:75) - channelDisconnected
2014-09-09 09:39:10,861  INFO [New I/O worker #3] (ServerHandler.java:67) - channelClosed
2014-09-09 09:39:10,861  INFO [New I/O worker #3] (ServerCache.java:85) - 删除后通道数:3
2014-09-09 09:39:40,882  INFO [New I/O server boss #9] (ServerHandler.java:81) - channelOpen
2014-09-09 09:39:40,883  INFO [New I/O server boss #9] (ServerCache.java:48) - 添加后通道数:4
2014-09-09 09:39:40,883  INFO [New I/O worker #4] (ServerHandler.java:61) - channelConnected
2014-09-09 09:39:40,884  INFO [New I/O server boss #9] (ServerHandler.java:81) - channelOpen
2014-09-09 09:39:40,884  INFO [New I/O server boss #9] (ServerCache.java:48) - 添加后通道数:5
2014-09-09 09:39:40,885  INFO [New I/O worker #5] (ServerHandler.java:61) - channelConnected
2014-09-09 09:39:40,885  INFO [New I/O server boss #9] (ServerHandler.java:81) - channelOpen
2014-09-09 09:39:40,885  INFO [New I/O server boss #9] (ServerCache.java:48) - 添加后通道数:6
2014-09-09 09:39:40,885  INFO [New I/O worker #6] (ServerHandler.java:61) - channelConnected
2014-09-09 09:39:40,887  INFO [New I/O server boss #9] (ServerHandler.java:81) - channelOpen
2014-09-09 09:39:40,887  INFO [New I/O server boss #9] (ServerCache.java:48) - 添加后通道数:7
2014-09-09 09:39:40,887 ERROR [New I/O worker #4] (JsonBodyProtocol.java:188) - com.sunsharing.sfs.common.pro.api.FilePakageSave:setCurrentDataServer:java.lang.Integer:0
2014-09-09 09:39:40,887  INFO [New I/O worker #7] (ServerHandler.java:61) - channelConnected
2014-09-09 09:39:40,888  INFO [New I/O worker #4] (FileChunckDecode.java:44) - 收到：3zzDJjLpnzzrXfhrP,包：3
2014-09-09 09:39:40,888  INFO [New I/O worker #4] (FileChunckDecode.java:116) - 成功写入block,blockId:1:大小:590
2014-09-09 09:39:40,888  INFO [New I/O worker #4] (FileMd5.java:85) - 1:po:1209:len:590
2014-09-09 09:39:40,888  INFO [New I/O worker #4] (FileChunckDecode.java:130) - 包序号:3,源Md5:6b0b87c4cfd2dd9c3ed692742028e2f5,目的Md5:6b0b87c4cfd2dd9c3ed692742028e2f5:currentWriteLen:29:currentChunkSize590:fromeIndex:1180
2014-09-09 09:39:40,889 ERROR [pool-3-thread-691] (JsonBodyProtocol.java:188) - com.sunsharing.sfs.common.pro.api.FilePakageSave:setCurrentDataServer:java.lang.Integer:0
2014-09-09 09:39:40,890 ERROR [New I/O worker #6] (JsonBodyProtocol.java:188) - com.sunsharing.sfs.common.pro.api.FilePakageSave:setCurrentDataServer:java.lang.Integer:0
2014-09-09 09:39:40,891  INFO [New I/O worker #6] (FileChunckDecode.java:44) - 收到：3zzDJjLpnzzrXfhrP,包：2
2014-09-09 09:39:40,891 ERROR [New I/O worker #7] (JsonBodyProtocol.java:188) - com.sunsharing.sfs.common.pro.api.FilePakageSave:setCurrentDataServer:java.lang.Integer:0
2014-09-09 09:39:40,891  INFO [New I/O worker #6] (FileChunckDecode.java:116) - 成功写入block,blockId:1:大小:590
2014-09-09 09:39:40,891  INFO [New I/O worker #6] (FileMd5.java:85) - 1:po:619:len:590
2014-09-09 09:39:40,892  INFO [New I/O worker #6] (FileChunckDecode.java:130) - 包序号:2,源Md5:42ea1cf741e8a82e03e5f8848816682a,目的Md5:42ea1cf741e8a82e03e5f8848816682a:currentWriteLen:29:currentChunkSize590:fromeIndex:590
2014-09-09 09:39:40,891  INFO [New I/O worker #7] (FileChunckDecode.java:44) - 收到：3zzDJjLpnzzrXfhrP,包：1
2014-09-09 09:39:40,892  INFO [New I/O worker #7] (FileChunckDecode.java:116) - 成功写入block,blockId:1:大小:590
2014-09-09 09:39:40,892  INFO [New I/O worker #7] (FileMd5.java:85) - 1:po:29:len:590
2014-09-09 09:39:40,892 ERROR [pool-3-thread-690] (JsonBodyProtocol.java:188) - com.sunsharing.sfs.common.pro.api.FilePakageSave:setCurrentDataServer:java.lang.Integer:0
2014-09-09 09:39:40,893  INFO [New I/O worker #7] (FileChunckDecode.java:130) - 包序号:1,源Md5:e22cea512cf78ba7c6ccd7cc227c67bd,目的Md5:e22cea512cf78ba7c6ccd7cc227c67bd:currentWriteLen:29:currentChunkSize590:fromeIndex:0
2014-09-09 09:39:40,892 ERROR [New I/O worker #5] (JsonBodyProtocol.java:188) - com.sunsharing.sfs.common.pro.api.FilePakageSave:setCurrentDataServer:java.lang.Integer:0
2014-09-09 09:39:40,893  INFO [New I/O worker #5] (FileChunckDecode.java:44) - 收到：3zzDJjLpnzzrXfhrP,包：4
2014-09-09 09:39:40,893  INFO [New I/O worker #5] (FileChunckDecode.java:116) - 成功写入block,blockId:1:大小:592
2014-09-09 09:39:40,894  INFO [New I/O worker #5] (FileMd5.java:85) - 1:po:1799:len:592
2014-09-09 09:39:40,894  INFO [New I/O worker #5] (FileChunckDecode.java:130) - 包序号:4,源Md5:4cbe474cb9004e91e815a5bb27c4d0c9,目的Md5:4cbe474cb9004e91e815a5bb27c4d0c9:currentWriteLen:29:currentChunkSize592:fromeIndex:1770
2014-09-09 09:39:40,897 ERROR [pool-3-thread-694] (JsonBodyProtocol.java:188) - com.sunsharing.sfs.common.pro.api.FilePakageSave:setCurrentDataServer:java.lang.Integer:0
2014-09-09 09:39:40,897  INFO [New I/O worker #10] (ClientHandler.java:62) - 收到结果:com.sunsharing.sfs.common.pro.api.FilePackageResult@51b4630d:4d17693db1274f708e277d345d903fc3
2014-09-09 09:39:40,897  INFO [New I/O worker #10] (ClientHandler.java:66) - 4d17693db1274f708e277d345d903fc3:quere:0
2014-09-09 09:39:40,897  INFO [New I/O worker #10] (ClientHandler.java:68) - 4d17693db1274f708e277d345d903fc3:quere:1
2014-09-09 09:39:40,897  INFO [New I/O worker #10] (ClientHandler.java:77) - 疑似短连接，关闭
2014-09-09 09:39:40,897  INFO [pool-10-thread-2] (FileTransClient.java:54) - 返回结果:com.sunsharing.sfs.common.pro.api.FilePackageResult@51b4630d
2014-09-09 09:39:40,898  INFO [pool-10-thread-2] (FileTransClient.java:67) - 关闭Channel
2014-09-09 09:39:40,897  INFO [New I/O worker #11] (ClientHandler.java:62) - 收到结果:com.sunsharing.sfs.common.pro.api.FilePackageResult@19d31463:5e7f895d9a054b088df46a2d945ecfe6
2014-09-09 09:39:40,898  INFO [New I/O worker #11] (ClientHandler.java:66) - 5e7f895d9a054b088df46a2d945ecfe6:quere:0
2014-09-09 09:39:40,898  INFO [New I/O worker #11] (ClientHandler.java:68) - 5e7f895d9a054b088df46a2d945ecfe6:quere:1
2014-09-09 09:39:40,898  INFO [New I/O worker #11] (ClientHandler.java:77) - 疑似短连接，关闭
2014-09-09 09:39:40,898  INFO [pool-10-thread-3] (FileTransClient.java:54) - 返回结果:com.sunsharing.sfs.common.pro.api.FilePackageResult@19d31463
2014-09-09 09:39:40,899  INFO [pool-10-thread-3] (FileTransClient.java:67) - 关闭Channel
2014-09-09 09:39:40,899  INFO [New I/O worker #4] (ServerHandler.java:75) - channelDisconnected
2014-09-09 09:39:40,899  INFO [New I/O worker #4] (ServerHandler.java:67) - channelClosed
2014-09-09 09:39:40,899  INFO [New I/O worker #4] (ServerCache.java:85) - 删除后通道数:6
2014-09-09 09:39:40,900  INFO [New I/O worker #6] (ServerHandler.java:75) - channelDisconnected
2014-09-09 09:39:40,900  INFO [New I/O worker #6] (ServerHandler.java:67) - channelClosed
2014-09-09 09:39:40,900  INFO [New I/O worker #6] (ServerCache.java:85) - 删除后通道数:5
2014-09-09 09:39:40,901 ERROR [pool-3-thread-695] (JsonBodyProtocol.java:188) - com.sunsharing.sfs.common.pro.api.FilePakageSave:setCurrentDataServer:java.lang.Integer:0
2014-09-09 09:39:40,902  INFO [New I/O worker #12] (ClientHandler.java:62) - 收到结果:com.sunsharing.sfs.common.pro.api.FilePackageResult@7f3ae009:63d6e585b9574b498874a930655b95c3
2014-09-09 09:39:40,902  INFO [New I/O worker #12] (ClientHandler.java:66) - 63d6e585b9574b498874a930655b95c3:quere:0
2014-09-09 09:39:40,902  INFO [New I/O worker #12] (ClientHandler.java:68) - 63d6e585b9574b498874a930655b95c3:quere:1
2014-09-09 09:39:40,902  INFO [New I/O worker #12] (ClientHandler.java:77) - 疑似短连接，关闭
2014-09-09 09:39:40,902  INFO [pool-10-thread-1] (FileTransClient.java:54) - 返回结果:com.sunsharing.sfs.common.pro.api.FilePackageResult@7f3ae009
2014-09-09 09:39:40,902  INFO [pool-10-thread-1] (FileTransClient.java:67) - 关闭Channel
2014-09-09 09:39:40,903  INFO [New I/O worker #7] (ServerHandler.java:75) - channelDisconnected
2014-09-09 09:39:40,903  INFO [New I/O worker #7] (ServerHandler.java:67) - channelClosed
2014-09-09 09:39:40,903  INFO [New I/O worker #7] (ServerCache.java:85) - 删除后通道数:4
2014-09-09 09:39:40,905  INFO [New I/O worker #13] (ClientHandler.java:62) - 收到结果:com.sunsharing.sfs.common.pro.api.FilePackageResult@208290a1:6cbb88229a6d4963b720b6176dc9197b
2014-09-09 09:39:40,906  INFO [New I/O worker #13] (ClientHandler.java:66) - 6cbb88229a6d4963b720b6176dc9197b:quere:0
2014-09-09 09:39:40,906  INFO [New I/O worker #13] (ClientHandler.java:68) - 6cbb88229a6d4963b720b6176dc9197b:quere:1
2014-09-09 09:39:40,906  INFO [New I/O worker #13] (ClientHandler.java:77) - 疑似短连接，关闭
2014-09-09 09:39:40,906  INFO [pool-10-thread-2] (FileTransClient.java:54) - 返回结果:com.sunsharing.sfs.common.pro.api.FilePackageResult@208290a1
2014-09-09 09:39:40,906  INFO [pool-10-thread-2] (FileTransClient.java:67) - 关闭Channel
2014-09-09 09:39:40,907  INFO [pool-11-thread-525] (FilePackageUpdateIndexThread.java:44) - 往IP：localhost::1401发送更新索引:98ad644d27da4436973adc8b286aa590
2014-09-09 09:39:40,907  INFO [pool-11-thread-526] (FilePackageUpdateIndexThread.java:44) - 往IP：localhost::1400发送更新索引:41acc1ecfe18481a8acda2818f808b8b
2014-09-09 09:39:40,907  INFO [pool-11-thread-525] (NettyClient.java:117) - com.sunsharing.sfs.common.pro.dataserver.FilePakageUpdateIndex@5bd3862e:请求:98ad644d27da4436973adc8b286aa590timeout:5000
2014-09-09 09:39:40,907  INFO [pool-11-thread-526] (NettyClient.java:117) - com.sunsharing.sfs.common.pro.dataserver.FilePakageUpdateIndex@1c0e651b:请求:41acc1ecfe18481a8acda2818f808b8btimeout:5000
2014-09-09 09:39:40,909  INFO [New I/O worker #12] (ClientHandler.java:62) - 收到结果:com.sunsharing.sfs.common.pro.dataserver.FilePakageUpdateIndexResult@6e0923a9:98ad644d27da4436973adc8b286aa590
2014-09-09 09:39:40,909  INFO [New I/O worker #12] (ClientHandler.java:66) - 98ad644d27da4436973adc8b286aa590:quere:0
2014-09-09 09:39:40,909  INFO [New I/O worker #11] (ClientHandler.java:62) - 收到结果:com.sunsharing.sfs.common.pro.dataserver.FilePakageUpdateIndexResult@1a0464af:41acc1ecfe18481a8acda2818f808b8b
2014-09-09 09:39:40,909  INFO [pool-11-thread-525] (NettyClient.java:126) - 返回结果:com.sunsharing.sfs.common.pro.dataserver.FilePakageUpdateIndexResult@6e0923a9
2014-09-09 09:39:40,909  INFO [New I/O worker #12] (ClientHandler.java:68) - 98ad644d27da4436973adc8b286aa590:quere:1
2014-09-09 09:39:40,909  INFO [New I/O worker #11] (ClientHandler.java:66) - 41acc1ecfe18481a8acda2818f808b8b:quere:0
2014-09-09 09:39:40,910  INFO [New I/O worker #11] (ClientHandler.java:68) - 41acc1ecfe18481a8acda2818f808b8b:quere:1
2014-09-09 09:39:40,910  INFO [pool-11-thread-526] (NettyClient.java:126) - 返回结果:com.sunsharing.sfs.common.pro.dataserver.FilePakageUpdateIndexResult@1a0464af
2014-09-09 09:39:40,910  INFO [pool-3-thread-695] (NettyClient.java:117) - com.sunsharing.sfs.common.pro.dataserver.FileSuccessUploadIndex@166e2a81:请求:8117508576e94e9ca1bc35edfcfd6b2etimeout:5000
2014-09-09 09:39:40,911  INFO [New I/O worker #13] (ClientHandler.java:62) - 收到结果:com.sunsharing.sfs.common.pro.dataserver.FileSuccessUploadIndexResult@5b1a8304:8117508576e94e9ca1bc35edfcfd6b2e
2014-09-09 09:39:40,911  INFO [New I/O worker #13] (ClientHandler.java:66) - 8117508576e94e9ca1bc35edfcfd6b2e:quere:0
2014-09-09 09:39:40,911  INFO [New I/O worker #13] (ClientHandler.java:68) - 8117508576e94e9ca1bc35edfcfd6b2e:quere:1
2014-09-09 09:39:40,911  INFO [pool-3-thread-695] (NettyClient.java:126) - 返回结果:com.sunsharing.sfs.common.pro.dataserver.FileSuccessUploadIndexResult@5b1a8304
2014-09-09 09:39:40,912  INFO [New I/O worker #5] (ServerHandler.java:75) - channelDisconnected
2014-09-09 09:39:40,912  INFO [New I/O worker #5] (ServerHandler.java:67) - channelClosed
2014-09-09 09:39:40,912  INFO [New I/O worker #5] (ServerCache.java:85) - 删除后通道数:3
2014-09-09 09:40:10,923  INFO [New I/O server boss #9] (ServerHandler.java:81) - channelOpen
2014-09-09 09:40:10,923  INFO [New I/O server boss #9] (ServerCache.java:48) - 添加后通道数:4
2014-09-09 09:40:10,924  INFO [New I/O worker #8] (ServerHandler.java:61) - channelConnected
2014-09-09 09:40:10,924  INFO [New I/O server boss #9] (ServerHandler.java:81) - channelOpen
2014-09-09 09:40:10,924  INFO [New I/O server boss #9] (ServerCache.java:48) - 添加后通道数:5
2014-09-09 09:40:10,924  INFO [New I/O worker #1] (ServerHandler.java:61) - channelConnected
2014-09-09 09:40:10,925  INFO [New I/O server boss #9] (ServerHandler.java:81) - channelOpen
2014-09-09 09:40:10,925  INFO [New I/O server boss #9] (ServerCache.java:48) - 添加后通道数:6
2014-09-09 09:40:10,925  INFO [New I/O worker #2] (ServerHandler.java:61) - channelConnected
2014-09-09 09:40:10,925  INFO [New I/O server boss #9] (ServerHandler.java:81) - channelOpen
2014-09-09 09:40:10,925  INFO [New I/O server boss #9] (ServerCache.java:48) - 添加后通道数:7
2014-09-09 09:40:10,925 ERROR [New I/O worker #1] (JsonBodyProtocol.java:188) - com.sunsharing.sfs.common.pro.api.FilePakageSave:setCurrentDataServer:java.lang.Integer:0
2014-09-09 09:40:10,925 ERROR [New I/O worker #8] (JsonBodyProtocol.java:188) - com.sunsharing.sfs.common.pro.api.FilePakageSave:setCurrentDataServer:java.lang.Integer:0
2014-09-09 09:40:10,926  INFO [New I/O worker #1] (FileChunckDecode.java:44) - 收到：3zzDJjLpnzzrXfhrP,包：4
2014-09-09 09:40:10,926  INFO [New I/O worker #3] (ServerHandler.java:61) - channelConnected
2014-09-09 09:40:10,926  INFO [New I/O worker #8] (FileChunckDecode.java:44) - 收到：3zzDJjLpnzzrXfhrP,包：2
2014-09-09 09:40:10,926  INFO [New I/O worker #1] (FileChunckDecode.java:116) - 成功写入block,blockId:1:大小:592
2014-09-09 09:40:10,926  INFO [New I/O worker #8] (FileChunckDecode.java:116) - 成功写入block,blockId:1:大小:590
2014-09-09 09:40:10,926  INFO [New I/O worker #1] (FileMd5.java:85) - 1:po:1799:len:592
2014-09-09 09:40:10,927  INFO [New I/O worker #1] (FileChunckDecode.java:130) - 包序号:4,源Md5:4cbe474cb9004e91e815a5bb27c4d0c9,目的Md5:4cbe474cb9004e91e815a5bb27c4d0c9:currentWriteLen:29:currentChunkSize592:fromeIndex:1770
2014-09-09 09:40:10,927  INFO [New I/O worker #8] (FileMd5.java:85) - 1:po:619:len:590
2014-09-09 09:40:10,927 ERROR [pool-3-thread-695] (JsonBodyProtocol.java:188) - com.sunsharing.sfs.common.pro.api.FilePakageSave:setCurrentDataServer:java.lang.Integer:0
2014-09-09 09:40:10,927  INFO [New I/O worker #8] (FileChunckDecode.java:130) - 包序号:2,源Md5:42ea1cf741e8a82e03e5f8848816682a,目的Md5:42ea1cf741e8a82e03e5f8848816682a:currentWriteLen:29:currentChunkSize590:fromeIndex:590
2014-09-09 09:40:10,928 ERROR [New I/O worker #2] (JsonBodyProtocol.java:188) - com.sunsharing.sfs.common.pro.api.FilePakageSave:setCurrentDataServer:java.lang.Integer:0
2014-09-09 09:40:10,928 ERROR [pool-3-thread-694] (JsonBodyProtocol.java:188) - com.sunsharing.sfs.common.pro.api.FilePakageSave:setCurrentDataServer:java.lang.Integer:0
2014-09-09 09:40:10,928  INFO [New I/O worker #2] (FileChunckDecode.java:44) - 收到：3zzDJjLpnzzrXfhrP,包：1
2014-09-09 09:40:10,928  INFO [New I/O worker #2] (FileChunckDecode.java:116) - 成功写入block,blockId:1:大小:590
2014-09-09 09:40:10,929  INFO [New I/O worker #2] (FileMd5.java:85) - 1:po:29:len:590
2014-09-09 09:40:10,929  INFO [New I/O worker #2] (FileChunckDecode.java:130) - 包序号:1,源Md5:e22cea512cf78ba7c6ccd7cc227c67bd,目的Md5:e22cea512cf78ba7c6ccd7cc227c67bd:currentWriteLen:29:currentChunkSize590:fromeIndex:0
2014-09-09 09:40:10,929 ERROR [New I/O worker #3] (JsonBodyProtocol.java:188) - com.sunsharing.sfs.common.pro.api.FilePakageSave:setCurrentDataServer:java.lang.Integer:0
2014-09-09 09:40:10,929  INFO [New I/O worker #3] (FileChunckDecode.java:44) - 收到：3zzDJjLpnzzrXfhrP,包：3
2014-09-09 09:40:10,929 ERROR [pool-3-thread-690] (JsonBodyProtocol.java:188) - com.sunsharing.sfs.common.pro.api.FilePakageSave:setCurrentDataServer:java.lang.Integer:0
2014-09-09 09:40:10,929  INFO [New I/O worker #3] (FileChunckDecode.java:116) - 成功写入block,blockId:1:大小:590
2014-09-09 09:40:10,929  INFO [New I/O worker #3] (FileMd5.java:85) - 1:po:1209:len:590
2014-09-09 09:40:10,930  INFO [New I/O worker #3] (FileChunckDecode.java:130) - 包序号:3,源Md5:6b0b87c4cfd2dd9c3ed692742028e2f5,目的Md5:6b0b87c4cfd2dd9c3ed692742028e2f5:currentWriteLen:29:currentChunkSize590:fromeIndex:1180
2014-09-09 09:40:10,930 ERROR [pool-3-thread-691] (JsonBodyProtocol.java:188) - com.sunsharing.sfs.common.pro.api.FilePakageSave:setCurrentDataServer:java.lang.Integer:0
2014-09-09 09:40:10,934  INFO [New I/O worker #15] (ClientHandler.java:62) - 收到结果:com.sunsharing.sfs.common.pro.api.FilePackageResult@44f6f6f3:edc5aff2854243348679ca8aa0ad2ab8
2014-09-09 09:40:10,934  INFO [New I/O worker #15] (ClientHandler.java:66) - edc5aff2854243348679ca8aa0ad2ab8:quere:0
2014-09-09 09:40:10,934  INFO [New I/O worker #15] (ClientHandler.java:68) - edc5aff2854243348679ca8aa0ad2ab8:quere:1
2014-09-09 09:40:10,934  INFO [New I/O worker #15] (ClientHandler.java:77) - 疑似短连接，关闭
2014-09-09 09:40:10,934  INFO [pool-10-thread-1] (FileTransClient.java:54) - 返回结果:com.sunsharing.sfs.common.pro.api.FilePackageResult@44f6f6f3
2014-09-09 09:40:10,934  INFO [pool-10-thread-1] (FileTransClient.java:67) - 关闭Channel
2014-09-09 09:40:10,935  INFO [New I/O worker #17] (ClientHandler.java:62) - 收到结果:com.sunsharing.sfs.common.pro.api.FilePackageResult@31ceeee4:8c824b110bf742bc9808f12641af6a8d
2014-09-09 09:40:10,935  INFO [New I/O worker #17] (ClientHandler.java:66) - 8c824b110bf742bc9808f12641af6a8d:quere:0
2014-09-09 09:40:10,935  INFO [New I/O worker #17] (ClientHandler.java:68) - 8c824b110bf742bc9808f12641af6a8d:quere:1
2014-09-09 09:40:10,935  INFO [New I/O worker #17] (ClientHandler.java:77) - 疑似短连接，关闭
2014-09-09 09:40:10,935  INFO [pool-10-thread-2] (FileTransClient.java:54) - 返回结果:com.sunsharing.sfs.common.pro.api.FilePackageResult@31ceeee4
2014-09-09 09:40:10,935  INFO [pool-10-thread-2] (FileTransClient.java:67) - 关闭Channel
2014-09-09 09:40:10,935  INFO [New I/O worker #16] (ClientHandler.java:62) - 收到结果:com.sunsharing.sfs.common.pro.api.FilePackageResult@2b885b8b:c8045080a64d4455a709c23bd5f64e95
2014-09-09 09:40:10,936  INFO [New I/O worker #16] (ClientHandler.java:66) - c8045080a64d4455a709c23bd5f64e95:quere:0
2014-09-09 09:40:10,936  INFO [New I/O worker #16] (ClientHandler.java:68) - c8045080a64d4455a709c23bd5f64e95:quere:1
2014-09-09 09:40:10,936  INFO [New I/O worker #16] (ClientHandler.java:77) - 疑似短连接，关闭
2014-09-09 09:40:10,935  INFO [New I/O worker #8] (ServerHandler.java:75) - channelDisconnected
2014-09-09 09:40:10,936  INFO [New I/O worker #3] (ServerHandler.java:75) - channelDisconnected
2014-09-09 09:40:10,936  INFO [New I/O worker #14] (ClientHandler.java:62) - 收到结果:com.sunsharing.sfs.common.pro.api.FilePackageResult@3558b937:8479ffa702cd4f2cbde719435e8073f2
2014-09-09 09:40:10,936  INFO [pool-10-thread-4] (FileTransClient.java:54) - 返回结果:com.sunsharing.sfs.common.pro.api.FilePackageResult@2b885b8b
2014-09-09 09:40:10,936  INFO [New I/O worker #14] (ClientHandler.java:66) - 8479ffa702cd4f2cbde719435e8073f2:quere:0
2014-09-09 09:40:10,936  INFO [New I/O worker #3] (ServerHandler.java:67) - channelClosed
2014-09-09 09:40:10,936  INFO [New I/O worker #8] (ServerHandler.java:67) - channelClosed
2014-09-09 09:40:10,937  INFO [New I/O worker #3] (ServerCache.java:85) - 删除后通道数:6
2014-09-09 09:40:10,937  INFO [pool-10-thread-5] (FileTransClient.java:54) - 返回结果:com.sunsharing.sfs.common.pro.api.FilePackageResult@3558b937
2014-09-09 09:40:10,937  INFO [New I/O worker #14] (ClientHandler.java:68) - 8479ffa702cd4f2cbde719435e8073f2:quere:1
2014-09-09 09:40:10,937  INFO [New I/O worker #14] (ClientHandler.java:77) - 疑似短连接，关闭
2014-09-09 09:40:10,937  INFO [pool-10-thread-4] (FileTransClient.java:67) - 关闭Channel
2014-09-09 09:40:10,937  INFO [pool-10-thread-5] (FileTransClient.java:67) - 关闭Channel
2014-09-09 09:40:10,937  INFO [New I/O worker #8] (ServerCache.java:85) - 删除后通道数:5
2014-09-09 09:40:10,938  INFO [pool-11-thread-525] (FilePackageUpdateIndexThread.java:44) - 往IP：localhost::1401发送更新索引:a4cd56fcd897470f8ab56331cbbed387
2014-09-09 09:40:10,938  INFO [pool-11-thread-526] (FilePackageUpdateIndexThread.java:44) - 往IP：localhost::1400发送更新索引:a559beaad72644b4a7f83f940ce1ae0d
2014-09-09 09:40:10,938  INFO [pool-11-thread-525] (NettyClient.java:117) - com.sunsharing.sfs.common.pro.dataserver.FilePakageUpdateIndex@3460b6b:请求:a4cd56fcd897470f8ab56331cbbed387timeout:5000
2014-09-09 09:40:10,938  INFO [pool-11-thread-527] (FilePackageUpdateIndexThread.java:44) - 往IP：localhost::1401发送更新索引:da6ae5ce2dd54d52975d2c1c5977a4c8
2014-09-09 09:40:10,938  INFO [pool-11-thread-526] (NettyClient.java:117) - com.sunsharing.sfs.common.pro.dataserver.FilePakageUpdateIndex@2201ccd3:请求:a559beaad72644b4a7f83f940ce1ae0dtimeout:5000
2014-09-09 09:40:10,939  INFO [pool-11-thread-527] (NettyClient.java:117) - com.sunsharing.sfs.common.pro.dataserver.FilePakageUpdateIndex@242e4216:请求:da6ae5ce2dd54d52975d2c1c5977a4c8timeout:5000
2014-09-09 09:40:10,939  INFO [pool-11-thread-528] (FilePackageUpdateIndexThread.java:44) - 往IP：localhost::1400发送更新索引:93f8d1df57e249c68265b7eb3cdd0c98
2014-09-09 09:40:10,939  INFO [pool-11-thread-528] (NettyClient.java:117) - com.sunsharing.sfs.common.pro.dataserver.FilePakageUpdateIndex@24da6ba7:请求:93f8d1df57e249c68265b7eb3cdd0c98timeout:5000
2014-09-09 09:40:10,940  INFO [New I/O worker #12] (ClientHandler.java:62) - 收到结果:com.sunsharing.sfs.common.pro.dataserver.FilePakageUpdateIndexResult@39cf4667:a4cd56fcd897470f8ab56331cbbed387
2014-09-09 09:40:10,940  INFO [New I/O worker #12] (ClientHandler.java:66) - a4cd56fcd897470f8ab56331cbbed387:quere:0
2014-09-09 09:40:10,940  INFO [New I/O worker #11] (ClientHandler.java:62) - 收到结果:com.sunsharing.sfs.common.pro.dataserver.FilePakageUpdateIndexResult@571731d7:a559beaad72644b4a7f83f940ce1ae0d
2014-09-09 09:40:10,940  INFO [New I/O worker #11] (ClientHandler.java:66) - a559beaad72644b4a7f83f940ce1ae0d:quere:0
2014-09-09 09:40:10,940  INFO [pool-11-thread-525] (NettyClient.java:126) - 返回结果:com.sunsharing.sfs.common.pro.dataserver.FilePakageUpdateIndexResult@39cf4667
2014-09-09 09:40:10,940  INFO [New I/O worker #12] (ClientHandler.java:68) - a4cd56fcd897470f8ab56331cbbed387:quere:1
2014-09-09 09:40:10,940  INFO [pool-11-thread-526] (NettyClient.java:126) - 返回结果:com.sunsharing.sfs.common.pro.dataserver.FilePakageUpdateIndexResult@571731d7
2014-09-09 09:40:10,941  INFO [New I/O worker #12] (ClientHandler.java:62) - 收到结果:com.sunsharing.sfs.common.pro.dataserver.FilePakageUpdateIndexResult@33c946ec:da6ae5ce2dd54d52975d2c1c5977a4c8
2014-09-09 09:40:10,940  INFO [New I/O worker #11] (ClientHandler.java:68) - a559beaad72644b4a7f83f940ce1ae0d:quere:1
2014-09-09 09:40:10,941  INFO [pool-3-thread-690] (NettyClient.java:117) - com.sunsharing.sfs.common.pro.dataserver.FileSuccessUploadIndex@634f4a83:请求:33a40ad6e2a945d8bf4ea0b30bdeba52timeout:5000
2014-09-09 09:40:10,941  INFO [New I/O worker #12] (ClientHandler.java:66) - da6ae5ce2dd54d52975d2c1c5977a4c8:quere:0
2014-09-09 09:40:10,941  INFO [New I/O worker #11] (ClientHandler.java:62) - 收到结果:com.sunsharing.sfs.common.pro.dataserver.FilePakageUpdateIndexResult@6aa51164:93f8d1df57e249c68265b7eb3cdd0c98
2014-09-09 09:40:10,941  INFO [pool-11-thread-527] (NettyClient.java:126) - 返回结果:com.sunsharing.sfs.common.pro.dataserver.FilePakageUpdateIndexResult@33c946ec
2014-09-09 09:40:10,941  INFO [New I/O worker #12] (ClientHandler.java:68) - da6ae5ce2dd54d52975d2c1c5977a4c8:quere:1
2014-09-09 09:40:10,941  INFO [New I/O worker #11] (ClientHandler.java:66) - 93f8d1df57e249c68265b7eb3cdd0c98:quere:0
2014-09-09 09:40:10,942  INFO [New I/O worker #11] (ClientHandler.java:68) - 93f8d1df57e249c68265b7eb3cdd0c98:quere:1
2014-09-09 09:40:10,942  INFO [pool-11-thread-528] (NettyClient.java:126) - 返回结果:com.sunsharing.sfs.common.pro.dataserver.FilePakageUpdateIndexResult@6aa51164
2014-09-09 09:40:10,942  INFO [pool-3-thread-695] (NettyClient.java:117) - com.sunsharing.sfs.common.pro.dataserver.FileSuccessUploadIndex@cabc2d1:请求:758d77b69cb0479daece076204c7dc49timeout:5000
2014-09-09 09:40:10,942  INFO [New I/O worker #13] (ClientHandler.java:62) - 收到结果:com.sunsharing.sfs.common.pro.dataserver.FileSuccessUploadIndexResult@51768ff2:33a40ad6e2a945d8bf4ea0b30bdeba52
2014-09-09 09:40:10,942  INFO [New I/O worker #13] (ClientHandler.java:66) - 33a40ad6e2a945d8bf4ea0b30bdeba52:quere:0
2014-09-09 09:40:10,943  INFO [New I/O worker #13] (ClientHandler.java:68) - 33a40ad6e2a945d8bf4ea0b30bdeba52:quere:1
2014-09-09 09:40:10,943  INFO [pool-3-thread-690] (NettyClient.java:126) - 返回结果:com.sunsharing.sfs.common.pro.dataserver.FileSuccessUploadIndexResult@51768ff2
2014-09-09 09:40:10,943  INFO [New I/O worker #13] (ClientHandler.java:62) - 收到结果:com.sunsharing.sfs.common.pro.dataserver.FileSuccessUploadIndexResult@19c26d9b:758d77b69cb0479daece076204c7dc49
2014-09-09 09:40:10,943  INFO [New I/O worker #2] (ServerHandler.java:75) - channelDisconnected
2014-09-09 09:40:10,943  INFO [New I/O worker #13] (ClientHandler.java:66) - 758d77b69cb0479daece076204c7dc49:quere:0
2014-09-09 09:40:10,943  INFO [New I/O worker #2] (ServerHandler.java:67) - channelClosed
2014-09-09 09:40:10,943  INFO [pool-3-thread-695] (NettyClient.java:126) - 返回结果:com.sunsharing.sfs.common.pro.dataserver.FileSuccessUploadIndexResult@19c26d9b
2014-09-09 09:40:10,943  INFO [New I/O worker #13] (ClientHandler.java:68) - 758d77b69cb0479daece076204c7dc49:quere:1
2014-09-09 09:40:10,944  INFO [New I/O worker #2] (ServerCache.java:85) - 删除后通道数:4
2014-09-09 09:40:10,944  INFO [New I/O worker #1] (ServerHandler.java:75) - channelDisconnected
2014-09-09 09:40:10,944  INFO [New I/O worker #1] (ServerHandler.java:67) - channelClosed
2014-09-09 09:40:10,944  INFO [New I/O worker #1] (ServerCache.java:85) - 删除后通道数:3
2014-09-09 09:40:40,967  INFO [New I/O server boss #9] (ServerHandler.java:81) - channelOpen
2014-09-09 09:40:40,967  INFO [New I/O server boss #9] (ServerCache.java:48) - 添加后通道数:4
2014-09-09 09:40:40,968  INFO [New I/O server boss #9] (ServerHandler.java:81) - channelOpen
2014-09-09 09:40:40,968  INFO [New I/O worker #4] (ServerHandler.java:61) - channelConnected
2014-09-09 09:40:40,968  INFO [New I/O server boss #9] (ServerCache.java:48) - 添加后通道数:5
2014-09-09 09:40:40,969  INFO [New I/O worker #5] (ServerHandler.java:61) - channelConnected
2014-09-09 09:40:40,970 ERROR [New I/O worker #4] (JsonBodyProtocol.java:188) - com.sunsharing.sfs.common.pro.api.FilePakageSave:setCurrentDataServer:java.lang.Integer:0
2014-09-09 09:40:40,970 ERROR [New I/O worker #5] (JsonBodyProtocol.java:188) - com.sunsharing.sfs.common.pro.api.FilePakageSave:setCurrentDataServer:java.lang.Integer:0
2014-09-09 09:40:40,970  INFO [New I/O worker #4] (FileChunckDecode.java:44) - 收到：3zzDJjLpnzzrXfhrP,包：3
2014-09-09 09:40:40,971  INFO [New I/O worker #5] (FileChunckDecode.java:44) - 收到：3zzDJjLpnzzrXfhrP,包：1
2014-09-09 09:40:40,971  INFO [New I/O worker #4] (FileChunckDecode.java:116) - 成功写入block,blockId:1:大小:590
2014-09-09 09:40:40,971  INFO [New I/O worker #5] (FileChunckDecode.java:116) - 成功写入block,blockId:1:大小:590
2014-09-09 09:40:40,971  INFO [New I/O worker #4] (FileMd5.java:85) - 1:po:1209:len:590
2014-09-09 09:40:40,971  INFO [New I/O worker #4] (FileChunckDecode.java:130) - 包序号:3,源Md5:6b0b87c4cfd2dd9c3ed692742028e2f5,目的Md5:6b0b87c4cfd2dd9c3ed692742028e2f5:currentWriteLen:29:currentChunkSize590:fromeIndex:1180
2014-09-09 09:40:40,971  INFO [New I/O worker #5] (FileMd5.java:85) - 1:po:29:len:590
2014-09-09 09:40:40,972  INFO [New I/O worker #5] (FileChunckDecode.java:130) - 包序号:1,源Md5:e22cea512cf78ba7c6ccd7cc227c67bd,目的Md5:e22cea512cf78ba7c6ccd7cc227c67bd:currentWriteLen:29:currentChunkSize590:fromeIndex:0
2014-09-09 09:40:40,972  INFO [New I/O worker #4] (ServerHandler.java:75) - channelDisconnected
2014-09-09 09:40:40,976  INFO [New I/O worker #4] (ServerHandler.java:67) - channelClosed
2014-09-09 09:40:40,977  INFO [New I/O worker #4] (ServerCache.java:85) - 删除后通道数:4
2014-09-09 09:40:40,978  INFO [New I/O worker #5] (ServerHandler.java:75) - channelDisconnected
2014-09-09 09:40:40,978  INFO [New I/O worker #5] (ServerHandler.java:67) - channelClosed
2014-09-09 09:40:40,978  INFO [New I/O worker #5] (ServerCache.java:85) - 删除后通道数:3
2014-09-09 09:40:40,982  INFO [New I/O server boss #9] (ServerHandler.java:81) - channelOpen
2014-09-09 09:40:40,983  INFO [New I/O server boss #9] (ServerCache.java:48) - 添加后通道数:4
2014-09-09 09:40:40,983  INFO [New I/O worker #6] (ServerHandler.java:61) - channelConnected
2014-09-09 09:40:40,983 ERROR [New I/O worker #6] (JsonBodyProtocol.java:188) - com.sunsharing.sfs.common.pro.api.FilePakageSave:setCurrentDataServer:java.lang.Integer:0
2014-09-09 09:40:40,983  INFO [New I/O worker #6] (FileChunckDecode.java:44) - 收到：3zzDJjLpnzzrXfhrP,包：4
2014-09-09 09:40:40,984  INFO [New I/O server boss #9] (ServerHandler.java:81) - channelOpen
2014-09-09 09:40:40,984  INFO [New I/O server boss #9] (ServerCache.java:48) - 添加后通道数:5
2014-09-09 09:40:40,984  INFO [New I/O worker #6] (FileChunckDecode.java:116) - 成功写入block,blockId:1:大小:592
2014-09-09 09:40:40,984  INFO [New I/O worker #6] (FileMd5.java:85) - 1:po:1799:len:592
2014-09-09 09:40:40,984  INFO [New I/O worker #7] (ServerHandler.java:61) - channelConnected
2014-09-09 09:40:40,984  INFO [New I/O worker #6] (FileChunckDecode.java:130) - 包序号:4,源Md5:4cbe474cb9004e91e815a5bb27c4d0c9,目的Md5:4cbe474cb9004e91e815a5bb27c4d0c9:currentWriteLen:29:currentChunkSize592:fromeIndex:1770
2014-09-09 09:40:40,985 ERROR [New I/O worker #7] (JsonBodyProtocol.java:188) - com.sunsharing.sfs.common.pro.api.FilePakageSave:setCurrentDataServer:java.lang.Integer:0
2014-09-09 09:40:40,985  INFO [New I/O worker #7] (FileChunckDecode.java:44) - 收到：3zzDJjLpnzzrXfhrP,包：2
2014-09-09 09:40:40,985  INFO [New I/O worker #6] (ServerHandler.java:75) - channelDisconnected
2014-09-09 09:40:40,985  INFO [New I/O worker #6] (ServerHandler.java:67) - channelClosed
2014-09-09 09:40:40,985  INFO [New I/O worker #7] (FileChunckDecode.java:116) - 成功写入block,blockId:1:大小:590
2014-09-09 09:40:40,986  INFO [New I/O worker #7] (FileMd5.java:85) - 1:po:619:len:590
2014-09-09 09:40:40,985  INFO [New I/O worker #6] (ServerCache.java:85) - 删除后通道数:4
2014-09-09 09:40:40,986  INFO [New I/O worker #7] (FileChunckDecode.java:130) - 包序号:2,源Md5:42ea1cf741e8a82e03e5f8848816682a,目的Md5:42ea1cf741e8a82e03e5f8848816682a:currentWriteLen:29:currentChunkSize590:fromeIndex:590
2014-09-09 09:40:40,987  INFO [New I/O worker #7] (ServerHandler.java:75) - channelDisconnected
2014-09-09 09:40:40,987  INFO [New I/O worker #7] (ServerHandler.java:67) - channelClosed
2014-09-09 09:40:40,987  INFO [New I/O worker #7] (ServerCache.java:85) - 删除后通道数:3
2014-09-09 09:41:11,012  INFO [New I/O server boss #9] (ServerHandler.java:81) - channelOpen
2014-09-09 09:41:11,012  INFO [New I/O server boss #9] (ServerCache.java:48) - 添加后通道数:4
2014-09-09 09:41:11,012  INFO [New I/O worker #8] (ServerHandler.java:61) - channelConnected
2014-09-09 09:41:11,013  INFO [New I/O server boss #9] (ServerHandler.java:81) - channelOpen
2014-09-09 09:41:11,013  INFO [New I/O server boss #9] (ServerCache.java:48) - 添加后通道数:5
2014-09-09 09:41:11,014  INFO [New I/O worker #1] (ServerHandler.java:61) - channelConnected
2014-09-09 09:41:11,014  INFO [New I/O server boss #9] (ServerHandler.java:81) - channelOpen
2014-09-09 09:41:11,014  INFO [New I/O server boss #9] (ServerCache.java:48) - 添加后通道数:6
2014-09-09 09:41:11,014  INFO [New I/O worker #2] (ServerHandler.java:61) - channelConnected
2014-09-09 09:41:11,014  INFO [New I/O server boss #9] (ServerHandler.java:81) - channelOpen
2014-09-09 09:41:11,015  INFO [New I/O server boss #9] (ServerCache.java:48) - 添加后通道数:7
2014-09-09 09:41:11,015  INFO [New I/O worker #3] (ServerHandler.java:61) - channelConnected
2014-09-09 09:41:11,015 ERROR [New I/O worker #8] (JsonBodyProtocol.java:188) - com.sunsharing.sfs.common.pro.api.FilePakageSave:setCurrentDataServer:java.lang.Integer:0
2014-09-09 09:41:11,015  INFO [New I/O worker #8] (FileChunckDecode.java:44) - 收到：3zzDJjLpnzzrXfhrP,包：1
2014-09-09 09:41:11,016  INFO [New I/O worker #8] (FileChunckDecode.java:116) - 成功写入block,blockId:1:大小:590
2014-09-09 09:41:11,016  INFO [New I/O worker #8] (FileMd5.java:85) - 1:po:29:len:590
2014-09-09 09:41:11,016  INFO [New I/O worker #8] (FileChunckDecode.java:130) - 包序号:1,源Md5:e22cea512cf78ba7c6ccd7cc227c67bd,目的Md5:e22cea512cf78ba7c6ccd7cc227c67bd:currentWriteLen:29:currentChunkSize590:fromeIndex:0
2014-09-09 09:41:11,016 ERROR [New I/O worker #3] (JsonBodyProtocol.java:188) - com.sunsharing.sfs.common.pro.api.FilePakageSave:setCurrentDataServer:java.lang.Integer:0
2014-09-09 09:41:11,017 ERROR [New I/O worker #2] (JsonBodyProtocol.java:188) - com.sunsharing.sfs.common.pro.api.FilePakageSave:setCurrentDataServer:java.lang.Integer:0
2014-09-09 09:41:11,016 ERROR [pool-3-thread-695] (JsonBodyProtocol.java:188) - com.sunsharing.sfs.common.pro.api.FilePakageSave:setCurrentDataServer:java.lang.Integer:0
2014-09-09 09:41:11,017  INFO [New I/O worker #2] (FileChunckDecode.java:44) - 收到：3zzDJjLpnzzrXfhrP,包：3
2014-09-09 09:41:11,017 ERROR [New I/O worker #1] (JsonBodyProtocol.java:188) - com.sunsharing.sfs.common.pro.api.FilePakageSave:setCurrentDataServer:java.lang.Integer:0
2014-09-09 09:41:11,017  INFO [New I/O worker #3] (FileChunckDecode.java:44) - 收到：3zzDJjLpnzzrXfhrP,包：4
2014-09-09 09:41:11,017  INFO [New I/O worker #1] (FileChunckDecode.java:44) - 收到：3zzDJjLpnzzrXfhrP,包：2
2014-09-09 09:41:11,017  INFO [New I/O worker #3] (FileChunckDecode.java:116) - 成功写入block,blockId:1:大小:592
2014-09-09 09:41:11,017  INFO [New I/O worker #2] (FileChunckDecode.java:116) - 成功写入block,blockId:1:大小:590
2014-09-09 09:41:11,017  INFO [New I/O worker #1] (FileChunckDecode.java:116) - 成功写入block,blockId:1:大小:590
2014-09-09 09:41:11,017  INFO [New I/O worker #3] (FileMd5.java:85) - 1:po:1799:len:592
2014-09-09 09:41:11,018  INFO [New I/O worker #3] (FileChunckDecode.java:130) - 包序号:4,源Md5:4cbe474cb9004e91e815a5bb27c4d0c9,目的Md5:4cbe474cb9004e91e815a5bb27c4d0c9:currentWriteLen:29:currentChunkSize592:fromeIndex:1770
2014-09-09 09:41:11,018  INFO [New I/O worker #1] (FileMd5.java:85) - 1:po:619:len:590
2014-09-09 09:41:11,018  INFO [New I/O worker #1] (FileChunckDecode.java:130) - 包序号:2,源Md5:42ea1cf741e8a82e03e5f8848816682a,目的Md5:42ea1cf741e8a82e03e5f8848816682a:currentWriteLen:29:currentChunkSize590:fromeIndex:590
2014-09-09 09:41:11,018  INFO [New I/O worker #2] (FileMd5.java:85) - 1:po:1209:len:590
2014-09-09 09:41:11,019  INFO [New I/O worker #2] (FileChunckDecode.java:130) - 包序号:3,源Md5:6b0b87c4cfd2dd9c3ed692742028e2f5,目的Md5:6b0b87c4cfd2dd9c3ed692742028e2f5:currentWriteLen:29:currentChunkSize590:fromeIndex:1180
2014-09-09 09:41:11,019 ERROR [pool-3-thread-696] (JsonBodyProtocol.java:188) - com.sunsharing.sfs.common.pro.api.FilePakageSave:setCurrentDataServer:java.lang.Integer:0
2014-09-09 09:41:11,019 ERROR [pool-3-thread-697] (JsonBodyProtocol.java:188) - com.sunsharing.sfs.common.pro.api.FilePakageSave:setCurrentDataServer:java.lang.Integer:0
2014-09-09 09:41:11,019 ERROR [pool-3-thread-698] (JsonBodyProtocol.java:188) - com.sunsharing.sfs.common.pro.api.FilePakageSave:setCurrentDataServer:java.lang.Integer:0
2014-09-09 09:41:11,022  INFO [New I/O worker #10] (ClientHandler.java:62) - 收到结果:com.sunsharing.sfs.common.pro.api.FilePackageResult@5d801eb5:119ef5afb13a4d1a8306635720881b47
2014-09-09 09:41:11,023  INFO [New I/O worker #10] (ClientHandler.java:66) - 119ef5afb13a4d1a8306635720881b47:quere:0
2014-09-09 09:41:11,023  INFO [New I/O worker #10] (ClientHandler.java:68) - 119ef5afb13a4d1a8306635720881b47:quere:1
2014-09-09 09:41:11,023  INFO [New I/O worker #10] (ClientHandler.java:77) - 疑似短连接，关闭
2014-09-09 09:41:11,023  INFO [pool-10-thread-1] (FileTransClient.java:54) - 返回结果:com.sunsharing.sfs.common.pro.api.FilePackageResult@5d801eb5
2014-09-09 09:41:11,023  INFO [pool-10-thread-1] (FileTransClient.java:67) - 关闭Channel
2014-09-09 09:41:11,024  INFO [New I/O worker #8] (ServerHandler.java:75) - channelDisconnected
2014-09-09 09:41:11,024  INFO [New I/O worker #8] (ServerHandler.java:67) - channelClosed
2014-09-09 09:41:11,024  INFO [New I/O worker #8] (ServerCache.java:85) - 删除后通道数:6
2014-09-09 09:41:11,024  INFO [New I/O worker #11] (ClientHandler.java:62) - 收到结果:com.sunsharing.sfs.common.pro.api.FilePackageResult@7044e5e3:3012d3c91c584dfe863e71f86bd6a921
2014-09-09 09:41:11,024  INFO [New I/O worker #11] (ClientHandler.java:66) - 3012d3c91c584dfe863e71f86bd6a921:quere:0
2014-09-09 09:41:11,025  INFO [New I/O worker #11] (ClientHandler.java:68) - 3012d3c91c584dfe863e71f86bd6a921:quere:1
2014-09-09 09:41:11,025  INFO [New I/O worker #11] (ClientHandler.java:77) - 疑似短连接，关闭
2014-09-09 09:41:11,025  INFO [pool-10-thread-4] (FileTransClient.java:54) - 返回结果:com.sunsharing.sfs.common.pro.api.FilePackageResult@7044e5e3
2014-09-09 09:41:11,025  INFO [pool-10-thread-4] (FileTransClient.java:67) - 关闭Channel
2014-09-09 09:41:11,025  INFO [New I/O worker #13] (ClientHandler.java:62) - 收到结果:com.sunsharing.sfs.common.pro.api.FilePackageResult@3b50d3aa:c22057dbeaa3423faf79112a92ce15f0
2014-09-09 09:41:11,025  INFO [New I/O worker #13] (ClientHandler.java:66) - c22057dbeaa3423faf79112a92ce15f0:quere:0
2014-09-09 09:41:11,025  INFO [New I/O worker #13] (ClientHandler.java:68) - c22057dbeaa3423faf79112a92ce15f0:quere:1
2014-09-09 09:41:11,025  INFO [New I/O worker #13] (ClientHandler.java:77) - 疑似短连接，关闭
2014-09-09 09:41:11,025  INFO [New I/O worker #12] (ClientHandler.java:62) - 收到结果:com.sunsharing.sfs.common.pro.api.FilePackageResult@37785c52:ffffc3ab98da41ff82965f9b9e125ce3
2014-09-09 09:41:11,026  INFO [New I/O worker #3] (ServerHandler.java:75) - channelDisconnected
2014-09-09 09:41:11,025  INFO [pool-10-thread-5] (FileTransClient.java:54) - 返回结果:com.sunsharing.sfs.common.pro.api.FilePackageResult@3b50d3aa
2014-09-09 09:41:11,026  INFO [New I/O worker #3] (ServerHandler.java:67) - channelClosed
2014-09-09 09:41:11,026  INFO [New I/O worker #12] (ClientHandler.java:66) - ffffc3ab98da41ff82965f9b9e125ce3:quere:0
2014-09-09 09:41:11,026  INFO [New I/O worker #3] (ServerCache.java:85) - 删除后通道数:5
2014-09-09 09:41:11,026  INFO [pool-10-thread-5] (FileTransClient.java:67) - 关闭Channel
2014-09-09 09:41:11,026  INFO [pool-10-thread-3] (FileTransClient.java:54) - 返回结果:com.sunsharing.sfs.common.pro.api.FilePackageResult@37785c52
2014-09-09 09:41:11,026  INFO [New I/O worker #12] (ClientHandler.java:68) - ffffc3ab98da41ff82965f9b9e125ce3:quere:1
2014-09-09 09:41:11,027  INFO [New I/O worker #12] (ClientHandler.java:77) - 疑似短连接，关闭
2014-09-09 09:41:11,027  INFO [pool-10-thread-3] (FileTransClient.java:67) - 关闭Channel
2014-09-09 09:41:11,027  INFO [New I/O worker #2] (ServerHandler.java:75) - channelDisconnected
2014-09-09 09:41:11,027  INFO [New I/O worker #2] (ServerHandler.java:67) - channelClosed
2014-09-09 09:41:11,027  INFO [New I/O worker #2] (ServerCache.java:85) - 删除后通道数:4
2014-09-09 09:41:11,028  INFO [pool-11-thread-529] (FilePackageUpdateIndexThread.java:44) - 往IP：localhost::1401发送更新索引:4f27c899b4334788a34eb6628597e05e
2014-09-09 09:41:11,028  INFO [pool-11-thread-529] (NettyClient.java:117) - com.sunsharing.sfs.common.pro.dataserver.FilePakageUpdateIndex@70f77877:请求:4f27c899b4334788a34eb6628597e05etimeout:5000
2014-09-09 09:41:11,028  INFO [pool-11-thread-530] (FilePackageUpdateIndexThread.java:44) - 往IP：localhost::1400发送更新索引:4b8d352b90064489bbf7d02094a2b7bb
2014-09-09 09:41:11,028  INFO [pool-11-thread-530] (NettyClient.java:117) - com.sunsharing.sfs.common.pro.dataserver.FilePakageUpdateIndex@7060692:请求:4b8d352b90064489bbf7d02094a2b7bbtimeout:5000
2014-09-09 09:41:11,029  INFO [New I/O worker #12] (ClientHandler.java:62) - 收到结果:com.sunsharing.sfs.common.pro.dataserver.FilePakageUpdateIndexResult@1f94449a:4f27c899b4334788a34eb6628597e05e
2014-09-09 09:41:11,030  INFO [New I/O worker #11] (ClientHandler.java:62) - 收到结果:com.sunsharing.sfs.common.pro.dataserver.FilePakageUpdateIndexResult@3f23eaa8:4b8d352b90064489bbf7d02094a2b7bb
2014-09-09 09:41:11,030  INFO [New I/O worker #11] (ClientHandler.java:66) - 4b8d352b90064489bbf7d02094a2b7bb:quere:0
2014-09-09 09:41:11,030  INFO [New I/O worker #12] (ClientHandler.java:66) - 4f27c899b4334788a34eb6628597e05e:quere:0
2014-09-09 09:41:11,030  INFO [pool-11-thread-530] (NettyClient.java:126) - 返回结果:com.sunsharing.sfs.common.pro.dataserver.FilePakageUpdateIndexResult@3f23eaa8
2014-09-09 09:41:11,030  INFO [New I/O worker #11] (ClientHandler.java:68) - 4b8d352b90064489bbf7d02094a2b7bb:quere:1
2014-09-09 09:41:11,030  INFO [pool-11-thread-529] (NettyClient.java:126) - 返回结果:com.sunsharing.sfs.common.pro.dataserver.FilePakageUpdateIndexResult@1f94449a
2014-09-09 09:41:11,030  INFO [New I/O worker #12] (ClientHandler.java:68) - 4f27c899b4334788a34eb6628597e05e:quere:1
2014-09-09 09:41:11,030  INFO [pool-3-thread-697] (NettyClient.java:117) - com.sunsharing.sfs.common.pro.dataserver.FileSuccessUploadIndex@4f02dbfa:请求:ee28ddca877b4082887287b6904c7c4ftimeout:5000
2014-09-09 09:41:11,032  INFO [New I/O worker #13] (ClientHandler.java:62) - 收到结果:com.sunsharing.sfs.common.pro.dataserver.FileSuccessUploadIndexResult@20a1f4ae:ee28ddca877b4082887287b6904c7c4f
2014-09-09 09:41:11,032  INFO [New I/O worker #13] (ClientHandler.java:66) - ee28ddca877b4082887287b6904c7c4f:quere:0
2014-09-09 09:41:11,032  INFO [New I/O worker #13] (ClientHandler.java:68) - ee28ddca877b4082887287b6904c7c4f:quere:1
2014-09-09 09:41:11,032  INFO [pool-3-thread-697] (NettyClient.java:126) - 返回结果:com.sunsharing.sfs.common.pro.dataserver.FileSuccessUploadIndexResult@20a1f4ae
2014-09-09 09:41:11,033  INFO [New I/O worker #1] (ServerHandler.java:75) - channelDisconnected
2014-09-09 09:41:11,033  INFO [New I/O worker #1] (ServerHandler.java:67) - channelClosed
2014-09-09 09:41:11,033  INFO [New I/O worker #1] (ServerCache.java:85) - 删除后通道数:3
2014-09-09 09:41:41,059  INFO [New I/O server boss #9] (ServerHandler.java:81) - channelOpen
2014-09-09 09:41:41,059  INFO [New I/O server boss #9] (ServerCache.java:48) - 添加后通道数:4
2014-09-09 09:41:41,060  INFO [New I/O worker #4] (ServerHandler.java:61) - channelConnected
2014-09-09 09:41:41,061 ERROR [New I/O worker #4] (JsonBodyProtocol.java:188) - com.sunsharing.sfs.common.pro.api.FilePakageSave:setCurrentDataServer:java.lang.Integer:0
2014-09-09 09:41:41,061  INFO [New I/O worker #4] (FileChunckDecode.java:44) - 收到：3zzDJjLpnzzrXfhrP,包：1
2014-09-09 09:41:41,061  INFO [New I/O worker #4] (FileChunckDecode.java:116) - 成功写入block,blockId:1:大小:590
2014-09-09 09:41:41,061  INFO [New I/O worker #4] (FileMd5.java:85) - 1:po:29:len:590
2014-09-09 09:41:41,062  INFO [New I/O worker #4] (FileChunckDecode.java:130) - 包序号:1,源Md5:e22cea512cf78ba7c6ccd7cc227c67bd,目的Md5:e22cea512cf78ba7c6ccd7cc227c67bd:currentWriteLen:29:currentChunkSize590:fromeIndex:0
2014-09-09 09:41:41,063  INFO [New I/O worker #4] (ServerHandler.java:75) - channelDisconnected
2014-09-09 09:41:41,063  INFO [New I/O worker #4] (ServerHandler.java:67) - channelClosed
2014-09-09 09:41:41,063  INFO [New I/O worker #4] (ServerCache.java:85) - 删除后通道数:3
2014-09-09 09:41:41,076  INFO [New I/O server boss #9] (ServerHandler.java:81) - channelOpen
2014-09-09 09:41:41,077  INFO [New I/O server boss #9] (ServerCache.java:48) - 添加后通道数:4
2014-09-09 09:41:41,077  INFO [New I/O worker #5] (ServerHandler.java:61) - channelConnected
2014-09-09 09:41:41,077  INFO [New I/O server boss #9] (ServerHandler.java:81) - channelOpen
2014-09-09 09:41:41,078  INFO [New I/O server boss #9] (ServerCache.java:48) - 添加后通道数:5
2014-09-09 09:41:41,077 ERROR [New I/O worker #5] (JsonBodyProtocol.java:188) - com.sunsharing.sfs.common.pro.api.FilePakageSave:setCurrentDataServer:java.lang.Integer:0
2014-09-09 09:41:41,078  INFO [New I/O worker #6] (ServerHandler.java:61) - channelConnected
2014-09-09 09:41:41,078  INFO [New I/O worker #5] (FileChunckDecode.java:44) - 收到：3zzDJjLpnzzrXfhrP,包：2
2014-09-09 09:41:41,078 ERROR [New I/O worker #6] (JsonBodyProtocol.java:188) - com.sunsharing.sfs.common.pro.api.FilePakageSave:setCurrentDataServer:java.lang.Integer:0
2014-09-09 09:41:41,078  INFO [New I/O worker #5] (FileChunckDecode.java:116) - 成功写入block,blockId:1:大小:590
2014-09-09 09:41:41,079  INFO [New I/O worker #6] (FileChunckDecode.java:44) - 收到：3zzDJjLpnzzrXfhrP,包：3
2014-09-09 09:41:41,079  INFO [New I/O worker #5] (FileMd5.java:85) - 1:po:619:len:590
2014-09-09 09:41:41,079  INFO [New I/O worker #6] (FileChunckDecode.java:116) - 成功写入block,blockId:1:大小:590
2014-09-09 09:41:41,079  INFO [New I/O worker #5] (FileChunckDecode.java:130) - 包序号:2,源Md5:42ea1cf741e8a82e03e5f8848816682a,目的Md5:42ea1cf741e8a82e03e5f8848816682a:currentWriteLen:29:currentChunkSize590:fromeIndex:590
2014-09-09 09:41:41,079  INFO [New I/O worker #6] (FileMd5.java:85) - 1:po:1209:len:590
2014-09-09 09:41:41,080  INFO [New I/O worker #6] (FileChunckDecode.java:130) - 包序号:3,源Md5:6b0b87c4cfd2dd9c3ed692742028e2f5,目的Md5:6b0b87c4cfd2dd9c3ed692742028e2f5:currentWriteLen:29:currentChunkSize590:fromeIndex:1180
2014-09-09 09:41:41,080  INFO [New I/O worker #5] (ServerHandler.java:75) - channelDisconnected
2014-09-09 09:41:41,080  INFO [New I/O worker #5] (ServerHandler.java:67) - channelClosed
2014-09-09 09:41:41,080  INFO [New I/O worker #5] (ServerCache.java:85) - 删除后通道数:4
2014-09-09 09:41:41,080  INFO [New I/O worker #6] (ServerHandler.java:75) - channelDisconnected
2014-09-09 09:41:41,080  INFO [New I/O worker #6] (ServerHandler.java:67) - channelClosed
2014-09-09 09:41:41,081  INFO [New I/O worker #6] (ServerCache.java:85) - 删除后通道数:3
2014-09-09 09:41:41,083  INFO [New I/O server boss #9] (ServerHandler.java:81) - channelOpen
2014-09-09 09:41:41,083  INFO [New I/O server boss #9] (ServerCache.java:48) - 添加后通道数:4
2014-09-09 09:41:41,083  INFO [New I/O worker #7] (ServerHandler.java:61) - channelConnected
2014-09-09 09:41:41,084 ERROR [New I/O worker #7] (JsonBodyProtocol.java:188) - com.sunsharing.sfs.common.pro.api.FilePakageSave:setCurrentDataServer:java.lang.Integer:0
2014-09-09 09:41:41,084  INFO [New I/O worker #7] (FileChunckDecode.java:44) - 收到：3zzDJjLpnzzrXfhrP,包：4
2014-09-09 09:41:41,084  INFO [New I/O worker #7] (FileChunckDecode.java:116) - 成功写入block,blockId:1:大小:592
2014-09-09 09:41:41,084  INFO [New I/O worker #7] (FileMd5.java:85) - 1:po:1799:len:592
2014-09-09 09:41:41,084  INFO [New I/O worker #7] (FileChunckDecode.java:130) - 包序号:4,源Md5:4cbe474cb9004e91e815a5bb27c4d0c9,目的Md5:4cbe474cb9004e91e815a5bb27c4d0c9:currentWriteLen:29:currentChunkSize592:fromeIndex:1770
2014-09-09 09:41:41,085  INFO [New I/O worker #7] (ServerHandler.java:75) - channelDisconnected
2014-09-09 09:41:41,085  INFO [New I/O worker #7] (ServerHandler.java:67) - channelClosed
2014-09-09 09:41:41,085  INFO [New I/O worker #7] (ServerCache.java:85) - 删除后通道数:3
2014-09-09 09:42:11,131  INFO [New I/O server boss #9] (ServerHandler.java:81) - channelOpen
2014-09-09 09:42:11,133  INFO [New I/O server boss #9] (ServerCache.java:48) - 添加后通道数:4
2014-09-09 09:42:11,134  INFO [New I/O server boss #9] (ServerHandler.java:81) - channelOpen
2014-09-09 09:42:11,134  INFO [New I/O server boss #9] (ServerCache.java:48) - 添加后通道数:5
2014-09-09 09:42:11,134  INFO [New I/O worker #8] (ServerHandler.java:61) - channelConnected
2014-09-09 09:42:11,134  INFO [New I/O worker #1] (ServerHandler.java:61) - channelConnected
2014-09-09 09:42:11,134  INFO [New I/O server boss #9] (ServerHandler.java:81) - channelOpen
2014-09-09 09:42:11,135  INFO [New I/O server boss #9] (ServerCache.java:48) - 添加后通道数:6
2014-09-09 09:42:11,135  INFO [New I/O server boss #9] (ServerHandler.java:81) - channelOpen
2014-09-09 09:42:11,135  INFO [New I/O server boss #9] (ServerCache.java:48) - 添加后通道数:7
2014-09-09 09:42:11,135  INFO [New I/O worker #2] (ServerHandler.java:61) - channelConnected
2014-09-09 09:42:11,135  INFO [New I/O worker #3] (ServerHandler.java:61) - channelConnected
2014-09-09 09:42:11,136 ERROR [New I/O worker #1] (JsonBodyProtocol.java:188) - com.sunsharing.sfs.common.pro.api.FilePakageSave:setCurrentDataServer:java.lang.Integer:0
2014-09-09 09:42:11,136 ERROR [New I/O worker #3] (JsonBodyProtocol.java:188) - com.sunsharing.sfs.common.pro.api.FilePakageSave:setCurrentDataServer:java.lang.Integer:0
2014-09-09 09:42:11,136 ERROR [New I/O worker #2] (JsonBodyProtocol.java:188) - com.sunsharing.sfs.common.pro.api.FilePakageSave:setCurrentDataServer:java.lang.Integer:0
2014-09-09 09:42:11,136 ERROR [New I/O worker #8] (JsonBodyProtocol.java:188) - com.sunsharing.sfs.common.pro.api.FilePakageSave:setCurrentDataServer:java.lang.Integer:0
2014-09-09 09:42:11,137  INFO [New I/O worker #2] (FileChunckDecode.java:44) - 收到：3zzDJjLpnzzrXfhrP,包：1
2014-09-09 09:42:11,137  INFO [New I/O worker #8] (FileChunckDecode.java:44) - 收到：3zzDJjLpnzzrXfhrP,包：2
2014-09-09 09:42:11,137  INFO [New I/O worker #1] (FileChunckDecode.java:44) - 收到：3zzDJjLpnzzrXfhrP,包：4
2014-09-09 09:42:11,137  INFO [New I/O worker #3] (FileChunckDecode.java:44) - 收到：3zzDJjLpnzzrXfhrP,包：3
2014-09-09 09:42:11,137  INFO [New I/O worker #1] (FileChunckDecode.java:116) - 成功写入block,blockId:1:大小:592
2014-09-09 09:42:11,137  INFO [New I/O worker #8] (FileChunckDecode.java:116) - 成功写入block,blockId:1:大小:590
2014-09-09 09:42:11,137  INFO [New I/O worker #2] (FileChunckDecode.java:116) - 成功写入block,blockId:1:大小:590
2014-09-09 09:42:11,138  INFO [New I/O worker #1] (FileMd5.java:85) - 1:po:1799:len:592
2014-09-09 09:42:11,138  INFO [New I/O worker #3] (FileChunckDecode.java:116) - 成功写入block,blockId:1:大小:590
2014-09-09 09:42:11,138  INFO [New I/O worker #3] (FileMd5.java:85) - 1:po:1209:len:590
2014-09-09 09:42:11,139  INFO [New I/O worker #1] (FileChunckDecode.java:130) - 包序号:4,源Md5:4cbe474cb9004e91e815a5bb27c4d0c9,目的Md5:4cbe474cb9004e91e815a5bb27c4d0c9:currentWriteLen:29:currentChunkSize592:fromeIndex:1770
2014-09-09 09:42:11,139  INFO [New I/O worker #2] (FileMd5.java:85) - 1:po:29:len:590
2014-09-09 09:42:11,139  INFO [New I/O worker #3] (FileChunckDecode.java:130) - 包序号:3,源Md5:6b0b87c4cfd2dd9c3ed692742028e2f5,目的Md5:6b0b87c4cfd2dd9c3ed692742028e2f5:currentWriteLen:29:currentChunkSize590:fromeIndex:1180
2014-09-09 09:42:11,139  INFO [New I/O worker #8] (FileMd5.java:85) - 1:po:619:len:590
2014-09-09 09:42:11,139  INFO [New I/O worker #2] (FileChunckDecode.java:130) - 包序号:1,源Md5:e22cea512cf78ba7c6ccd7cc227c67bd,目的Md5:e22cea512cf78ba7c6ccd7cc227c67bd:currentWriteLen:29:currentChunkSize590:fromeIndex:0
2014-09-09 09:42:11,139  INFO [New I/O worker #8] (FileChunckDecode.java:130) - 包序号:2,源Md5:42ea1cf741e8a82e03e5f8848816682a,目的Md5:42ea1cf741e8a82e03e5f8848816682a:currentWriteLen:29:currentChunkSize590:fromeIndex:590
2014-09-09 09:42:11,140  INFO [New I/O worker #1] (ServerHandler.java:75) - channelDisconnected
2014-09-09 09:42:11,140  INFO [New I/O worker #1] (ServerHandler.java:67) - channelClosed
2014-09-09 09:42:11,140  INFO [New I/O worker #1] (ServerCache.java:85) - 删除后通道数:6
2014-09-09 09:42:11,140  INFO [New I/O worker #8] (ServerHandler.java:75) - channelDisconnected
2014-09-09 09:42:11,140  INFO [New I/O worker #8] (ServerHandler.java:67) - channelClosed
2014-09-09 09:42:11,140  INFO [New I/O worker #8] (ServerCache.java:85) - 删除后通道数:5
2014-09-09 09:42:11,141  INFO [New I/O worker #3] (ServerHandler.java:75) - channelDisconnected
2014-09-09 09:42:11,142  INFO [New I/O worker #3] (ServerHandler.java:67) - channelClosed
2014-09-09 09:42:11,142  INFO [New I/O worker #3] (ServerCache.java:85) - 删除后通道数:4
2014-09-09 09:42:11,146  INFO [New I/O worker #2] (ServerHandler.java:75) - channelDisconnected
2014-09-09 09:42:11,147  INFO [New I/O worker #2] (ServerHandler.java:67) - channelClosed
2014-09-09 09:42:11,147  INFO [New I/O worker #2] (ServerCache.java:85) - 删除后通道数:3
2014-09-09 09:42:41,169  INFO [New I/O server boss #9] (ServerHandler.java:81) - channelOpen
2014-09-09 09:42:41,169  INFO [New I/O server boss #9] (ServerCache.java:48) - 添加后通道数:4
2014-09-09 09:42:41,169  INFO [New I/O worker #4] (ServerHandler.java:61) - channelConnected
2014-09-09 09:42:41,169  INFO [New I/O server boss #9] (ServerHandler.java:81) - channelOpen
2014-09-09 09:42:41,170  INFO [New I/O server boss #9] (ServerCache.java:48) - 添加后通道数:5
2014-09-09 09:42:41,170  INFO [New I/O worker #5] (ServerHandler.java:61) - channelConnected
2014-09-09 09:42:41,170  INFO [New I/O server boss #9] (ServerHandler.java:81) - channelOpen
2014-09-09 09:42:41,170  INFO [New I/O server boss #9] (ServerCache.java:48) - 添加后通道数:6
2014-09-09 09:42:41,170  INFO [New I/O server boss #9] (ServerHandler.java:81) - channelOpen
2014-09-09 09:42:41,170  INFO [New I/O server boss #9] (ServerCache.java:48) - 添加后通道数:7
2014-09-09 09:42:41,170  INFO [New I/O worker #6] (ServerHandler.java:61) - channelConnected
2014-09-09 09:42:41,171  INFO [New I/O worker #7] (ServerHandler.java:61) - channelConnected
2014-09-09 09:42:41,171 ERROR [New I/O worker #4] (JsonBodyProtocol.java:188) - com.sunsharing.sfs.common.pro.api.FilePakageSave:setCurrentDataServer:java.lang.Integer:0
2014-09-09 09:42:41,171  INFO [New I/O worker #4] (FileChunckDecode.java:44) - 收到：3zzDJjLpnzzrXfhrP,包：1
2014-09-09 09:42:41,172  INFO [New I/O worker #4] (FileChunckDecode.java:116) - 成功写入block,blockId:1:大小:590
2014-09-09 09:42:41,172  INFO [New I/O worker #4] (FileMd5.java:85) - 1:po:29:len:590
2014-09-09 09:42:41,172 ERROR [New I/O worker #5] (JsonBodyProtocol.java:188) - com.sunsharing.sfs.common.pro.api.FilePakageSave:setCurrentDataServer:java.lang.Integer:0
2014-09-09 09:42:41,172  INFO [New I/O worker #4] (FileChunckDecode.java:130) - 包序号:1,源Md5:e22cea512cf78ba7c6ccd7cc227c67bd,目的Md5:e22cea512cf78ba7c6ccd7cc227c67bd:currentWriteLen:29:currentChunkSize590:fromeIndex:0
2014-09-09 09:42:41,173  INFO [New I/O worker #5] (FileChunckDecode.java:44) - 收到：3zzDJjLpnzzrXfhrP,包：4
2014-09-09 09:42:41,173 ERROR [New I/O worker #6] (JsonBodyProtocol.java:188) - com.sunsharing.sfs.common.pro.api.FilePakageSave:setCurrentDataServer:java.lang.Integer:0
2014-09-09 09:42:41,173 ERROR [New I/O worker #7] (JsonBodyProtocol.java:188) - com.sunsharing.sfs.common.pro.api.FilePakageSave:setCurrentDataServer:java.lang.Integer:0
2014-09-09 09:42:41,173  INFO [New I/O worker #6] (FileChunckDecode.java:44) - 收到：3zzDJjLpnzzrXfhrP,包：2
2014-09-09 09:42:41,173  INFO [New I/O worker #7] (FileChunckDecode.java:44) - 收到：3zzDJjLpnzzrXfhrP,包：3
2014-09-09 09:42:41,173  INFO [New I/O worker #5] (FileChunckDecode.java:116) - 成功写入block,blockId:1:大小:592
2014-09-09 09:42:41,173  INFO [New I/O worker #6] (FileChunckDecode.java:116) - 成功写入block,blockId:1:大小:590
2014-09-09 09:42:41,174  INFO [New I/O worker #7] (FileChunckDecode.java:116) - 成功写入block,blockId:1:大小:590
2014-09-09 09:42:41,174  INFO [New I/O worker #5] (FileMd5.java:85) - 1:po:1799:len:592
2014-09-09 09:42:41,174 ERROR [pool-3-thread-700] (JsonBodyProtocol.java:188) - com.sunsharing.sfs.common.pro.api.FilePakageSave:setCurrentDataServer:java.lang.Integer:0
2014-09-09 09:42:41,174  INFO [New I/O worker #7] (FileMd5.java:85) - 1:po:1209:len:590
2014-09-09 09:42:41,174  INFO [New I/O worker #5] (FileChunckDecode.java:130) - 包序号:4,源Md5:4cbe474cb9004e91e815a5bb27c4d0c9,目的Md5:4cbe474cb9004e91e815a5bb27c4d0c9:currentWriteLen:29:currentChunkSize592:fromeIndex:1770
2014-09-09 09:42:41,174  INFO [New I/O worker #6] (FileMd5.java:85) - 1:po:619:len:590
2014-09-09 09:42:41,174  INFO [New I/O worker #7] (FileChunckDecode.java:130) - 包序号:3,源Md5:6b0b87c4cfd2dd9c3ed692742028e2f5,目的Md5:6b0b87c4cfd2dd9c3ed692742028e2f5:currentWriteLen:29:currentChunkSize590:fromeIndex:1180
2014-09-09 09:42:41,175  INFO [New I/O worker #6] (FileChunckDecode.java:130) - 包序号:2,源Md5:42ea1cf741e8a82e03e5f8848816682a,目的Md5:42ea1cf741e8a82e03e5f8848816682a:currentWriteLen:29:currentChunkSize590:fromeIndex:590
2014-09-09 09:42:41,176 ERROR [pool-3-thread-699] (JsonBodyProtocol.java:188) - com.sunsharing.sfs.common.pro.api.FilePakageSave:setCurrentDataServer:java.lang.Integer:0
2014-09-09 09:42:41,176 ERROR [pool-3-thread-697] (JsonBodyProtocol.java:188) - com.sunsharing.sfs.common.pro.api.FilePakageSave:setCurrentDataServer:java.lang.Integer:0
2014-09-09 09:42:41,176 ERROR [pool-3-thread-701] (JsonBodyProtocol.java:188) - com.sunsharing.sfs.common.pro.api.FilePakageSave:setCurrentDataServer:java.lang.Integer:0
2014-09-09 09:42:41,185  INFO [New I/O worker #14] (ClientHandler.java:62) - 收到结果:com.sunsharing.sfs.common.pro.api.FilePackageResult@a67235d:ab03f9dde58f4d889a9da2d27d04016f
2014-09-09 09:42:41,185  INFO [New I/O worker #14] (ClientHandler.java:66) - ab03f9dde58f4d889a9da2d27d04016f:quere:0
2014-09-09 09:42:41,185  INFO [New I/O worker #15] (ClientHandler.java:62) - 收到结果:com.sunsharing.sfs.common.pro.api.FilePackageResult@717e0c81:9cbb3cb30aee4c5d8890edd964877772
2014-09-09 09:42:41,186  INFO [pool-10-thread-1] (FileTransClient.java:54) - 返回结果:com.sunsharing.sfs.common.pro.api.FilePackageResult@a67235d
2014-09-09 09:42:41,186  INFO [New I/O worker #14] (ClientHandler.java:68) - ab03f9dde58f4d889a9da2d27d04016f:quere:1
2014-09-09 09:42:41,186  INFO [New I/O worker #17] (ClientHandler.java:62) - 收到结果:com.sunsharing.sfs.common.pro.api.FilePackageResult@7942b400:17656a950d3945b281036e22a98c978a
2014-09-09 09:42:41,186  INFO [New I/O worker #17] (ClientHandler.java:66) - 17656a950d3945b281036e22a98c978a:quere:0
2014-09-09 09:42:41,186  INFO [New I/O worker #17] (ClientHandler.java:68) - 17656a950d3945b281036e22a98c978a:quere:1
2014-09-09 09:42:41,187  INFO [New I/O worker #17] (ClientHandler.java:77) - 疑似短连接，关闭
2014-09-09 09:42:41,186  INFO [New I/O worker #14] (ClientHandler.java:77) - 疑似短连接，关闭
2014-09-09 09:42:41,186  INFO [pool-10-thread-1] (FileTransClient.java:67) - 关闭Channel
2014-09-09 09:42:41,186  INFO [New I/O worker #15] (ClientHandler.java:66) - 9cbb3cb30aee4c5d8890edd964877772:quere:0
2014-09-09 09:42:41,187  INFO [New I/O worker #16] (ClientHandler.java:62) - 收到结果:com.sunsharing.sfs.common.pro.api.FilePackageResult@a37aa32:c21360893c7f49d49c622cdabf56214e
2014-09-09 09:42:41,186  INFO [pool-10-thread-5] (FileTransClient.java:54) - 返回结果:com.sunsharing.sfs.common.pro.api.FilePackageResult@7942b400
2014-09-09 09:42:41,187  INFO [pool-10-thread-5] (FileTransClient.java:67) - 关闭Channel
2014-09-09 09:42:41,187  INFO [New I/O worker #16] (ClientHandler.java:66) - c21360893c7f49d49c622cdabf56214e:quere:0
2014-09-09 09:42:41,188  INFO [New I/O worker #16] (ClientHandler.java:68) - c21360893c7f49d49c622cdabf56214e:quere:1
2014-09-09 09:42:41,188  INFO [New I/O worker #16] (ClientHandler.java:77) - 疑似短连接，关闭
2014-09-09 09:42:41,187  INFO [pool-10-thread-3] (FileTransClient.java:54) - 返回结果:com.sunsharing.sfs.common.pro.api.FilePackageResult@717e0c81
2014-09-09 09:42:41,188  INFO [pool-10-thread-3] (FileTransClient.java:67) - 关闭Channel
2014-09-09 09:42:41,187  INFO [New I/O worker #15] (ClientHandler.java:68) - 9cbb3cb30aee4c5d8890edd964877772:quere:1
2014-09-09 09:42:41,189  INFO [New I/O worker #15] (ClientHandler.java:77) - 疑似短连接，关闭
2014-09-09 09:42:41,188  INFO [New I/O worker #5] (ServerHandler.java:75) - channelDisconnected
2014-09-09 09:42:41,188  INFO [New I/O worker #4] (ServerHandler.java:75) - channelDisconnected
2014-09-09 09:42:41,188  INFO [pool-10-thread-2] (FileTransClient.java:54) - 返回结果:com.sunsharing.sfs.common.pro.api.FilePackageResult@a37aa32
2014-09-09 09:42:41,189  INFO [pool-10-thread-2] (FileTransClient.java:67) - 关闭Channel
2014-09-09 09:42:41,189  INFO [New I/O worker #6] (ServerHandler.java:75) - channelDisconnected
2014-09-09 09:42:41,189  INFO [New I/O worker #4] (ServerHandler.java:67) - channelClosed
2014-09-09 09:42:41,189  INFO [New I/O worker #5] (ServerHandler.java:67) - channelClosed
2014-09-09 09:42:41,190  INFO [New I/O worker #4] (ServerCache.java:85) - 删除后通道数:6
2014-09-09 09:42:41,189  INFO [New I/O worker #6] (ServerHandler.java:67) - channelClosed
2014-09-09 09:42:41,190  INFO [New I/O worker #5] (ServerCache.java:85) - 删除后通道数:5
2014-09-09 09:42:41,190  INFO [New I/O worker #6] (ServerCache.java:85) - 删除后通道数:4
2014-09-09 09:42:41,190  INFO [pool-11-thread-531] (FilePackageUpdateIndexThread.java:44) - 往IP：localhost::1401发送更新索引:aba8f8af7e87457991e67b6837dcdc3f
2014-09-09 09:42:41,190  INFO [pool-11-thread-532] (FilePackageUpdateIndexThread.java:44) - 往IP：localhost::1400发送更新索引:137cc021e88f493b87d3e993ede47dec
2014-09-09 09:42:41,190  INFO [pool-11-thread-531] (NettyClient.java:117) - com.sunsharing.sfs.common.pro.dataserver.FilePakageUpdateIndex@5451da96:请求:aba8f8af7e87457991e67b6837dcdc3ftimeout:5000
2014-09-09 09:42:41,191  INFO [pool-11-thread-532] (NettyClient.java:117) - com.sunsharing.sfs.common.pro.dataserver.FilePakageUpdateIndex@49e5d919:请求:137cc021e88f493b87d3e993ede47dectimeout:5000
2014-09-09 09:42:41,192  INFO [New I/O worker #12] (ClientHandler.java:62) - 收到结果:com.sunsharing.sfs.common.pro.dataserver.FilePakageUpdateIndexResult@3236f0a6:aba8f8af7e87457991e67b6837dcdc3f
2014-09-09 09:42:41,192  INFO [New I/O worker #12] (ClientHandler.java:66) - aba8f8af7e87457991e67b6837dcdc3f:quere:0
2014-09-09 09:42:41,192  INFO [New I/O worker #11] (ClientHandler.java:62) - 收到结果:com.sunsharing.sfs.common.pro.dataserver.FilePakageUpdateIndexResult@34f13c0b:137cc021e88f493b87d3e993ede47dec
2014-09-09 09:42:41,192  INFO [New I/O worker #11] (ClientHandler.java:66) - 137cc021e88f493b87d3e993ede47dec:quere:0
2014-09-09 09:42:41,192  INFO [pool-11-thread-531] (NettyClient.java:126) - 返回结果:com.sunsharing.sfs.common.pro.dataserver.FilePakageUpdateIndexResult@3236f0a6
2014-09-09 09:42:41,192  INFO [New I/O worker #12] (ClientHandler.java:68) - aba8f8af7e87457991e67b6837dcdc3f:quere:1
2014-09-09 09:42:41,192  INFO [pool-11-thread-532] (NettyClient.java:126) - 返回结果:com.sunsharing.sfs.common.pro.dataserver.FilePakageUpdateIndexResult@34f13c0b
2014-09-09 09:42:41,192  INFO [New I/O worker #11] (ClientHandler.java:68) - 137cc021e88f493b87d3e993ede47dec:quere:1
2014-09-09 09:42:41,193  INFO [pool-3-thread-697] (NettyClient.java:117) - com.sunsharing.sfs.common.pro.dataserver.FileSuccessUploadIndex@499d1154:请求:4313e11d1718416c9fc7870f2865ece0timeout:5000
2014-09-09 09:42:41,195  INFO [New I/O worker #13] (ClientHandler.java:62) - 收到结果:com.sunsharing.sfs.common.pro.dataserver.FileSuccessUploadIndexResult@8738f2a:4313e11d1718416c9fc7870f2865ece0
2014-09-09 09:42:41,195  INFO [New I/O worker #13] (ClientHandler.java:66) - 4313e11d1718416c9fc7870f2865ece0:quere:0
2014-09-09 09:42:41,195  INFO [New I/O worker #13] (ClientHandler.java:68) - 4313e11d1718416c9fc7870f2865ece0:quere:1
2014-09-09 09:42:41,195  INFO [pool-3-thread-697] (NettyClient.java:126) - 返回结果:com.sunsharing.sfs.common.pro.dataserver.FileSuccessUploadIndexResult@8738f2a
2014-09-09 09:42:41,195  INFO [New I/O worker #7] (ServerHandler.java:75) - channelDisconnected
2014-09-09 09:42:41,195  INFO [New I/O worker #7] (ServerHandler.java:67) - channelClosed
2014-09-09 09:42:41,196  INFO [New I/O worker #7] (ServerCache.java:85) - 删除后通道数:3
2014-09-09 09:43:11,220  INFO [New I/O server boss #9] (ServerHandler.java:81) - channelOpen
2014-09-09 09:43:11,221  INFO [New I/O server boss #9] (ServerCache.java:48) - 添加后通道数:4
2014-09-09 09:43:11,221  INFO [New I/O server boss #9] (ServerHandler.java:81) - channelOpen
2014-09-09 09:43:11,221  INFO [New I/O server boss #9] (ServerCache.java:48) - 添加后通道数:5
2014-09-09 09:43:11,222  INFO [New I/O server boss #9] (ServerHandler.java:81) - channelOpen
2014-09-09 09:43:11,222  INFO [New I/O worker #8] (ServerHandler.java:61) - channelConnected
2014-09-09 09:43:11,222  INFO [New I/O worker #1] (ServerHandler.java:61) - channelConnected
2014-09-09 09:43:11,222  INFO [New I/O server boss #9] (ServerCache.java:48) - 添加后通道数:6
2014-09-09 09:43:11,223 ERROR [New I/O worker #8] (JsonBodyProtocol.java:188) - com.sunsharing.sfs.common.pro.api.FilePakageSave:setCurrentDataServer:java.lang.Integer:0
2014-09-09 09:43:11,223  INFO [New I/O worker #2] (ServerHandler.java:61) - channelConnected
2014-09-09 09:43:11,223  INFO [New I/O worker #8] (FileChunckDecode.java:44) - 收到：3zzDJjLpnzzrXfhrP,包：2
2014-09-09 09:43:11,223  INFO [New I/O server boss #9] (ServerHandler.java:81) - channelOpen
2014-09-09 09:43:11,223  INFO [New I/O server boss #9] (ServerCache.java:48) - 添加后通道数:7
2014-09-09 09:43:11,223  INFO [New I/O worker #8] (FileChunckDecode.java:116) - 成功写入block,blockId:1:大小:590
2014-09-09 09:43:11,224  INFO [New I/O worker #3] (ServerHandler.java:61) - channelConnected
2014-09-09 09:43:11,224 ERROR [New I/O worker #2] (JsonBodyProtocol.java:188) - com.sunsharing.sfs.common.pro.api.FilePakageSave:setCurrentDataServer:java.lang.Integer:0
2014-09-09 09:43:11,223 ERROR [New I/O worker #1] (JsonBodyProtocol.java:188) - com.sunsharing.sfs.common.pro.api.FilePakageSave:setCurrentDataServer:java.lang.Integer:0
2014-09-09 09:43:11,224  INFO [New I/O worker #2] (FileChunckDecode.java:44) - 收到：3zzDJjLpnzzrXfhrP,包：3
2014-09-09 09:43:11,224  INFO [New I/O worker #8] (FileMd5.java:85) - 1:po:619:len:590
2014-09-09 09:43:11,224  INFO [New I/O worker #1] (FileChunckDecode.java:44) - 收到：3zzDJjLpnzzrXfhrP,包：4
2014-09-09 09:43:11,224  INFO [New I/O worker #2] (FileChunckDecode.java:116) - 成功写入block,blockId:1:大小:590
2014-09-09 09:43:11,225  INFO [New I/O worker #1] (FileChunckDecode.java:116) - 成功写入block,blockId:1:大小:592
2014-09-09 09:43:11,225  INFO [New I/O worker #8] (FileChunckDecode.java:130) - 包序号:2,源Md5:42ea1cf741e8a82e03e5f8848816682a,目的Md5:42ea1cf741e8a82e03e5f8848816682a:currentWriteLen:29:currentChunkSize590:fromeIndex:590
2014-09-09 09:43:11,224 ERROR [New I/O worker #3] (JsonBodyProtocol.java:188) - com.sunsharing.sfs.common.pro.api.FilePakageSave:setCurrentDataServer:java.lang.Integer:0
2014-09-09 09:43:11,225  INFO [New I/O worker #2] (FileMd5.java:85) - 1:po:1209:len:590
2014-09-09 09:43:11,225  INFO [New I/O worker #3] (FileChunckDecode.java:44) - 收到：3zzDJjLpnzzrXfhrP,包：1
2014-09-09 09:43:11,226  INFO [New I/O worker #2] (FileChunckDecode.java:130) - 包序号:3,源Md5:6b0b87c4cfd2dd9c3ed692742028e2f5,目的Md5:6b0b87c4cfd2dd9c3ed692742028e2f5:currentWriteLen:29:currentChunkSize590:fromeIndex:1180
2014-09-09 09:43:11,226  INFO [New I/O worker #8] (ServerHandler.java:75) - channelDisconnected
2014-09-09 09:43:11,226  INFO [New I/O worker #8] (ServerHandler.java:67) - channelClosed
2014-09-09 09:43:11,226  INFO [New I/O worker #8] (ServerCache.java:85) - 删除后通道数:6
2014-09-09 09:43:11,226  INFO [New I/O worker #2] (ServerHandler.java:75) - channelDisconnected
2014-09-09 09:43:11,227  INFO [New I/O worker #2] (ServerHandler.java:67) - channelClosed
2014-09-09 09:43:11,226  INFO [New I/O worker #1] (FileMd5.java:85) - 1:po:1799:len:592
2014-09-09 09:43:11,226  INFO [New I/O worker #3] (FileChunckDecode.java:116) - 成功写入block,blockId:1:大小:590
2014-09-09 09:43:11,227  INFO [New I/O worker #1] (FileChunckDecode.java:130) - 包序号:4,源Md5:4cbe474cb9004e91e815a5bb27c4d0c9,目的Md5:4cbe474cb9004e91e815a5bb27c4d0c9:currentWriteLen:29:currentChunkSize592:fromeIndex:1770
2014-09-09 09:43:11,227  INFO [New I/O worker #2] (ServerCache.java:85) - 删除后通道数:5
2014-09-09 09:43:11,227  INFO [New I/O worker #3] (FileMd5.java:85) - 1:po:29:len:590
2014-09-09 09:43:11,228  INFO [New I/O worker #3] (FileChunckDecode.java:130) - 包序号:1,源Md5:e22cea512cf78ba7c6ccd7cc227c67bd,目的Md5:e22cea512cf78ba7c6ccd7cc227c67bd:currentWriteLen:29:currentChunkSize590:fromeIndex:0
2014-09-09 09:43:11,228  INFO [New I/O worker #1] (ServerHandler.java:75) - channelDisconnected
2014-09-09 09:43:11,229  INFO [New I/O worker #1] (ServerHandler.java:67) - channelClosed
2014-09-09 09:43:11,229  INFO [New I/O worker #1] (ServerCache.java:85) - 删除后通道数:4
2014-09-09 09:43:11,229  INFO [New I/O worker #3] (ServerHandler.java:75) - channelDisconnected
2014-09-09 09:43:11,229  INFO [New I/O worker #3] (ServerHandler.java:67) - channelClosed
2014-09-09 09:43:11,229  INFO [New I/O worker #3] (ServerCache.java:85) - 删除后通道数:3
